68K GAS  S68K_002.s 			page 1


   1               	| S68K_002.s - 68K Monitor with extensions
   2               	|	Adds S Record loader
   3               	| Borrowed init code from 
   4               	|  https://raw.githubusercontent.com/ChartreuseK/68k-Monitor/master/Monitor-Simple.x68
   5               	
   6               	RAM_START	= 0x00000	| Beginning of the SRAM
   7               	STACK_END	= 0x7FFFC	| Has to be on a word boundary
   8               	RAM_END		= 0x7FFFF	| 512KB SRAM
   9               	ROM_START	= 0x80000	| ROM start
  10               	ROM_CODE	= ROM_START+1024| Skip vector table
  11               	*ROM_END	= 0x87FFF	| End of 32KB EPROM
  12               	ROM_END		= 0x8FFFF	| End of 64KB EPROM
  13               	
  14               	|||||||||||||||||||||||||||||||||
  15               	| 68681 Duart Register Addresses
  16               	|
  17               	DUART = 0x0F0000	  | Base Addr of DUART
  18               	MRA   = DUART+0		  | Mode Register A           (R/W)
  19               	SRA   = DUART+2       | Status Register A         (r)
  20               	CSRA  = DUART+2       | Clock Select Register A   (w)
  21               	CRA   = DUART+4       | Commands Register A       (w)
  22               	RBA   = DUART+6       | Receiver Buffer A         (r)
  23               	TBA   = DUART+6       | Transmitter Buffer A      (w)
  24               	ACR   = DUART+8       | Aux. Control Register     (R/W)
  25               	ISR   = DUART+10      | Interrupt Status Register (R)
  26               	IMR   = DUART+10      | Interrupt Mask Register   (W)
  27               	MRB   = DUART+16      | Mode Register B           (R/W)
  28               	SRB   = DUART+18      | Status Register B         (R)
  29               	CSRB  = DUART+18      | Clock Select Register B   (W)
  30               	CRB   = DUART+20      | Commands Register B       (W)
  31               	RBB   = DUART+22      | Reciever Buffer B         (R)
  32               	TBB   = DUART+22      | Transmitter Buffer B      (W)
  33               	IVR   = DUART+24      | Interrupt Vector Register (R/W)
  34               	OPC   = DUART+26      | Output port config        (W)
  35               	INU   = DUART+26      | Input port (unlatched)    (R)
  36               	OPS   = DUART+28      | Output port Set           (W)
  37               	OPR   = DUART+30      | Output port Clear         (W)
  38               	
  39               	||||||||||||||||||||||||||||||||||
  40               	| ASCII Control Characters
  41               	|
  42               	BEL   = 0x07
  43               	BKSP  = 0x08       | CTRL-H
  44               	TAB   = 0x09
  45               	LF    = 0x0A
  46               	CR    = 0x0D
  47               	ESC   = 0x1B
  48               	EOT	  = 0x00
  49               	
  50               	CTRLC	=	0x03
  51               	CTRLX	=	0x18     | Line Clear
  52               	
  53 0000 0000 0000 		.ORG    0x000400
  53      0000 0000 
  53      0000 0000 
  53      0000 0000 
  53      0000 0000 
68K GAS  S68K_002.s 			page 2


  54 0400 00        	_srecType:	ds.b	1		| S1-S9 stored as binary 1-9
  55 0401 00        	_srecByCt:	ds.b	1		| Byte Count
  56 0402 00        	_srecData:	ds.b	1 		| Data
  57 0403 00        	_srecCSum:	ds.b	1 		| S-Record Checksum
  58 0404 0000 0000 	_srecAddr:	ds.l	1		| S Record current byte address
  59               	
  60               	srecType	=		0x000400	| S1-S9 stored as binary 1-9
  61               	srecByCt	=		0x000401	| Byte Count
  62               	srecData	=		0x000402	| Data
  63               	srecCSum	=		0x000403	| S-Record Checksum
  64               	srecAddr	=		0x000404	| S Record current byte address
  65               	
  66 0408 0000 0000 		.ORG	ROM_START
  66      0000 0000 
  66      0000 0000 
  66      0000 0000 
  66      0000 0000 
  67               	
  68               	| FIRST 8 bytes loaded after reset |
  69 80000 0007 FFFC 	    DC.l    STACK_END | Supervisor stack pointer
  70 80004 0008 0400 	    DC.l    ROM_CODE	| Initial PC
  71               	
  72 80008 0000 0000 	        .ORG ROM_CODE
  72      0000 0000 
  72      0000 0000 
  72      0000 0000 
  72      0000 0000 
  73 80400 4E71      		nop
  74 80402 4FF9 0007 		lea			STACK_END,%sp
  74      FFFC 
  75 80408 13FC 00FF 		move.b	#0xFF, 0x080000		| Set swap bit so SRAM works
  75      0008 0000 
  76 80410 4E71      		nop
  77               	| LEDs
  78 80412 13FC 0000 		move.b	#0x00, OPC		| Output port configuration (all bit are outs)
  78      000F 001A 
  79 8041a 13FC 00FC 		move.b	#0xFC, OPR		| Clear all outputs
  79      000F 001E 
  80 80422 13FC 0004 		move.b	#0x04, OPS		| Turn off LED on DUART O2
  80      000F 001C 
  81               	|
  82               	| Test the first two SRAM location
  83               	|
  84 8042a 203C DEAD 		move.l	#0xDEADBEEF, %d0		| Test Pattern #1
  84      BEEF 
  85 80430 307C 0000 		move		#0x00000000, %a0	| First address of SRAM
  86 80434 2080      		move.l	%d0, (%a0)				| Write out test pattern to SRAM
  87 80436 2410      		move.l	(%a0), %d2				| Read first SRAM pattern into d2
  88 80438 B042      		cmp			%d2, %d0
  89 8043a 6600 00C6 		bne			FERVR2						
  90 8043e 223C 5555 		move.l	#0x5555AAAA, %d1	| Test Pattern #2
  90      AAAA 
  91 80444 327C 0004 		move		#0x00000004, %a1	| Second long address of SRAM
  92 80448 2281      		move.l	%d1, (%a1)				| Write out test pattern to SRAM
  93 8044a 2611      		move.l	(%a1), %d3				| Read back
  94 8044c B243      		cmp			%d3, %d1
  95 8044e 6600 00B2 		bne			FERVR2
68K GAS  S68K_002.s 			page 3


  96 80452 4E71      		nop
  97               	| Test bits of first location (as bytes)
  98 80454 7001      		move.l	#1, %d0
  99 80456 207C 0000 		move.l	#0, %a0
  99      0000 
 100               	loop1stLoc:
 101 8045c 1080      		move.b	%d0, (%a0)
 102 8045e 1210      		move.b	(%a0), %d1
 103 80460 B200      		cmp.b		%d0, %d1
 104 80462 6600 009E 		bne			failBitTest
 105 80466 E348      		lsl			#1, %d0
 106 80468 0C80 0000 		cmp.l		#0x00000100, %d0
 106      0100 
 107 8046e 6600 FFEC 		bne			loop1stLoc
 108               	|
 109               	| Test all address lines, 512KB SRAM
 110               	| Write incrementing pattern to data bits
 111               	|
 112 80472 7001      		move.l	#1, %d0		| Fill pattern
 113 80474 7401      		move.l	#1, %d2
 114 80476 207C 0000 		move.l	#1, %a0		| Start address 1 (already tested addr 0)
 114      0001 
 115               	loopAdrFill:
 116 8047c 1080      		move.b	%d0,(%a0)	| Do the write
 117 8047e 5240      		addq		#1, %d0		| Increment the pattern
 118 80480 2408      		move.l	%a0, %d2	| Copy a0 to d2 for shift
 119 80482 E38A      		lsl.l		#1, %d2		| Shift temp addr
 120 80484 2042      		move.l	%d2, %a0	| Put back into addr reg
 121 80486 0C82 0008 		cmp.l		#0x00080000,%d2
 121      0000 
 122 8048c 6600 FFEE 		bne			loopAdrFill
 123               	| Check
 124 80490 7001      		move.l	#1, %d0
 125 80492 7401      		move.l	#1, %d2
 126 80494 207C 0000 		move.l	#1, %a0
 126      0001 
 127               	loopAdrCk:
 128 8049a 1210      		move.b	(%a0), %d1	| Do the read (as a byte)
 129 8049c B200      		cmp.b		%d0, %d1
 130 8049e 6600 0062 		bne			failAdrTest
 131 804a2 5240      		addq		#1, %d0
 132 804a4 2408      		move.l	%a0, %d2 
 133 804a6 E38A      		lsl.l		#1, %d2
 134 804a8 2042      		move.l	%d2, %a0
 135 804aa 0C82 0008 		cmp.l		#0x00080000,%d2
 135      0000 
 136 804b0 6600 FFE8 		bne			loopAdrCk
 137               		
 138               	|
 139               	| Fill SRAM with 0x00 values
 140               	| 512KB fill takes about 2.5 seconds at 10 MHz CPU speed
 141               	|
 142               	fillSRAM:
 143 804b4 41F8 0000 		lea		RAM_START, %a0		| Start at base RAM address
 144 804b8 43F9 0007 		lea		RAM_END, %a1		| End when reach end RAM space
 144      FFFF 
 145 804be 7000      		move.l	#0x00, %d0			| Fill with zeros
68K GAS  S68K_002.s 			page 4


 146               	fillSRAMLoop:
 147 804c0 20C0      		move.l	%d0, (%a0)+			| Long fills are faster
 148 804c2 B3C8      		cmpa.l	%a0, %a1
 149 804c4 6E00 FFFA 		bgt		fillSRAMLoop
 150               	
 151               	|
 152               	| Done with address test of SRAM
 153               	|
 154 804c8 4EBA 05E0 		jsr     initDuart       	| Setup the serial port
 155               	monitorStart:					| Warm start
 156 804cc 41FA 06CB 		lea		BANNER_MSG, %a0
 157 804d0 4EBA 005E 		jsr		printString1
 158 804d4 41FA 06AE 		lea		RAM_PASS_MSG, %a0
 159 804d8 4EBA 0056 		jsr		printString1
 160               	|
 161               	| Interpreter Loop
 162               	|
 163               	interpLoop:
 164 804dc 41FA 0764 	    lea     msgPrompt, %a0	| Prompt
 165 804e0 6100 004E 	    bsr.w   printString
 166 804e4 13FC 0004 		move.b	#0x04, OPR		| Turn on LED
 166      000F 001E 
 167 804ec 4EBA 0074 		jsr		readLine		| Blocking read of line
 168 804f0 13FC 0004 		move.b	#0x04, OPS		| Turn off LED
 168      000F 001C 
 169 804f8 4EBA 00FA 		jsr		lineToUpper
 170 804fc 4EBA 0114 		jsr		parseLine
 171 80500 60DA      		bra.s	interpLoop
 172               		
 173               	failBitTest:
 174               	failAdrTest:
 175               	FERVR2:
 176 80502 4E71      		nop
 177 80504 4EFA FFFC 		jmp	FERVR2
 178               	
 179               	|||||
 180               	| Writes a character to Port A, blocking if not ready (Full buffer)
 181               	|  - Takes a character in D0
 182               	outChar1:
 183               	outChar:
 184 80508 0839 0002 	    btst    #2, SRA      | Check if transmitter ready bit is set
 184      000F 0002 
 185 80510 6700 FFF6 	    beq     outChar1     
 186 80514 13C0 000F 	    move.b  %d0, TBA      | Transmit Character
 186      0006 
 187 8051a 4E75      	    rts
 188               	
 189               	| Writes a character to Port A, blocking if not ready (Full buffer)
 190               	|  - Takes a character in D0
 191               	outChar2:
 192 8051c 0839 0002 	    btst    #2, SRB      | Check if transmitter ready bit is set
 192      000F 0012 
 193 80524 6700 FFF6 	    beq     outChar2     
 194 80528 13C0 000F 	    move.b  %d0, TBB      | Transmit Character
 194      0016 
 195 8052e 4E75      	    rts
 196               	
68K GAS  S68K_002.s 			page 5


 197               	******
 198               	* Print a null terminated string
 199               	*
 200               	printString1:
 201               	printString:
 202               	PSloop:
 203 80530 1018      	    move.b  (%a0)+, %d0  | Read in character
 204 80532 6704      	    beq.s   PSend         | Check for the null
 205               	    
 206 80534 61D2      	    bsr.s   outChar      | Otherwise write the character
 207 80536 60F8      	    bra.s   PSloop        | And continue
 208               	PSend:
 209 80538 4E75      	    rts
 210               	
 211               	
 212               	|||||
 213               	| Reads in a character from Port A, blocking if none available
 214               	|  - Returns character in D0
 215               	|    
 216               	inChar1:
 217               	inChar:
 218 8053a 0839 0000 	    btst    #0,  SRA	| Check if receiver ready bit is set
 218      000F 0002 
 219 80542 6700 FFF6 	    beq     inChar1
 220 80546 1039 000F 	    move.b  RBA, %d0	| Read Character into D0
 220      0006 
 221 8054c 4E75      	    rts
 222               	
 223               	inChar2:
 224 8054e 0839 0000 	    btst    #0,  SRB	| Check if receiver ready bit is set
 224      000F 0012 
 225 80556 6700 FFF6 	    beq     inChar2
 226 8055a 1039 000F 	    move.b  RBB, %d0	| Read Character into D0
 226      0016 
 227 80560 4E75      	    rts
 228               	
 229               	| Read in a line into the line buffer
 230               	readLine:
 231 80562 48E7 2020 	    movem.l %d2/%a2, -(%SP)     | Save changed registers
 232 80566 45F9 0007 	    lea     varLineBuf, %a2   	| Start of the lineBuffer
 232      FBAE 
 233 8056c B542      	    eor.w   %d2, %d2           	| Clear the character counter
 234               	 RLloop:
 235 8056e 6100 FFCA 	    bsr.w   inChar           	| Read a character from the serial port
 236 80572 0C00 0008 	    cmp.b   #BKSP, %d0        	| Is it a backspace?
 237 80576 6722      	    beq.s   RLBS
 238 80578 0C00 0018 	    cmp.b   #CTRLX, %d0       	| Is it Ctrl-H (Line Clear)?
 239 8057c 673A      	    beq.s   RLlineClr
 240 8057e 0C00 000D 	    cmp.b   #CR, %d0          	| Is it a carriage return?
 241 80582 6758      	    beq.s   RLEndLn
 242 80584 0C00 000A 	    cmp.b   #LF, %d0          	| Is it anything else but a LF?
 243 80588 67E4      	    beq.s   RLloop            	| Ignore LFs and get the next character
 244               	 .char:                      	| Normal character to be inserted into the buffer
 245 8058a 0C42 0050 	    cmp.w   #MAX_LINE_LENGTH, %d2
 246 8058e 6CDE      	    bge.s   RLloop            	| If the buffer is full ignore the character
 247 80590 14C0      	    move.b  %d0, (%a2)+        	| Otherwise store the character
 248 80592 5242      	    addq.w  #1, %d2           	| Increment character count
68K GAS  S68K_002.s 			page 6


 249 80594 6100 FF72 	    bsr.w   outChar          	| Echo the character
 250 80598 60D4      	    bra.s   RLloop            	| And get the next one
 251               	 RLBS:
 252 8059a 4A42      	    tst.w   %d2               	| Are we at the beginning of the line?
 253 8059c 67D0      	    beq.s   RLloop            	| Then ignore it
 254 8059e 6100 FF68 	    bsr.w   outChar          	| Backspace
 255 805a2 103C 0020 	    move.b  #' ', %d0
 256 805a6 6100 FF60 	    bsr.w   outChar          	| Space
 257 805aa 103C 0008 	    move.b  #BKSP, %d0
 258 805ae 6100 FF58 	    bsr.w   outChar          	| Backspace
 259 805b2 538A      	    subq.l  #1, %a2           	| Move back in the buffer
 260 805b4 5382      	    subq.l  #1, %d2           	| And current character count
 261 805b6 60B6      	    bra.s   RLloop            	| And goto the next character
 262               	 RLlineClr:
 263 805b8 4A42      	    tst     %d2               	| Anything to clear?
 264 805ba 67B2      	    beq.s   RLloop            	| If not, fetch the next character
 265 805bc 95C2      	    suba.l  %d2, %a2           	| Return to the start of the buffer
 266               	 RLlineClrloop:
 267 805be 103C 0008 	    move.b  #BKSP, %d0
 268 805c2 6100 FF44 	    bsr.w   outChar          	| Backspace
 269 805c6 103C 0020 	    move.b  #' ', %d0
 270 805ca 6100 FF3C 	    bsr.w   outChar          	| Space
 271 805ce 103C 0008 	    move.b  #BKSP, %d0
 272 805d2 6100 FF34 	    bsr.w   outChar          	| Backspace
 273 805d6 5342      	    subq.w  #1, %d2          
 274 805d8 66E4      	    bne.s   RLlineClrloop   	| Go till the start of the line
 275 805da 6092      	    bra.s   RLloop   
 276               	 RLEndLn:
 277 805dc 6100 FF2A 	    bsr.w   outChar          	| Echo the CR
 278 805e0 103C 000A 	    move.b  #LF, %d0
 279 805e4 6100 FF22 	    bsr.w   outChar          	| Line feed to be safe
 280 805e8 14BC 0000 	    move.b  #0, (%a2)         	| Terminate the line (Buffer is longer than max to allow this at ful
 281 805ec 204A      	    movea.l %a2, %a0           	| Ready the pointer to return (if needed)
 282 805ee 4CDF 0404 	    movem.l (%SP)+, %d2/%a2     | Restore registers
 283 805f2 4E75      	    rts                      	| And return
 284               	
 285               	
 286               	| Convert line buffer to upper case
 287               	lineToUpper:
 288 805f4 41F9 0007 	    lea     varLineBuf, %a0   | Get the start of the line buffer
 288      FBAE 
 289               	 LUloop:
 290 805fa 1010      	    move.b  (%a0), %d0        | Read in a character
 291 805fc 0C00 0061 	    cmp.b   #'a', %d0         
 292 80600 6D0A      	    blt.s   LUnext            | Is it less than lower-case 'a', then move on
 293 80602 0C00 007A 	    cmp.b   #'z', %d0
 294 80606 6E04      	    bgt.s   LUnext            | Is it greater than lower-case 'z', then move on
 295 80608 0400 0020 	    sub.b   #0x20, %d0         | Then convert a to A, b to B, etc.
 296               	 LUnext:
 297 8060c 10C0      	    move.b  %d0, (%a0)+       | Store the character back into a0, and move to the next
 298 8060e 66EA      	    bne.s   LUloop             | Keep going till we hit a null terminator
 299 80610 4E75      	    rts
 300               	
 301               	|
 302               	| Parse Line
 303               	|
 304               	parseLine:
68K GAS  S68K_002.s 			page 7


 305 80612 48E7 0030 	    movem.l %a2-%a3, -(%SP)     | Save registers
 306 80616 41F9 0007 	    lea     varLineBuf, %a0
 306      FBAE 
 307               	 PLfindCommand:
 308 8061c 1018      	    move.b  (%a0)+, %d0
 309 8061e 0C00 0020 	    cmp.b   #' ', %d0           | Ignore spaces
 310 80622 6700 FFF8 	    beq.w   PLfindCommand    
 311 80626 0C00 0045 	    cmp.b   #'E', %d0           | Examine command
 312 8062a 6700 005A 	    beq.w   .examine
 313 8062e 0C00 0044 	    cmp.b   #'D', %d0           | Deposit command
 314 80632 6700 0398 	    beq.w   .deposit
 315 80636 0C00 0052 	    cmp.b   #'R', %d0           | Run command
 316 8063a 6700 03F4 	    beq.w   .run
 317 8063e 0C00 0048 	    cmp.b   #'H', %d0           | Help command
 318 80642 6700 001E 	    beq.w   .help
 319 80646 0C00 004C 	    cmp.b   #'L', %d0           | Help command
 320 8064a 6700 00C4 	    beq.w   loadSRec
 321 8064e 0C00 0000 	    cmp.b   #0, %d0             | Ignore blank lines
 322 80652 6708      	    beq.s   .exit               
 323               	 .invalid:   
 324 80654 41FA 0556 	    lea     msgInvalidCommand, %a0
 325 80658 6100 FED6 	    bsr.w   printString
 326               	 .exit:
 327 8065c 4CDF 0C00 	    movem.l (%SP)+, %a2-%a3     | Restore registers
 328 80660 4E75      	    rts
 329               	
 330               	|||||||||||||||||||||||||||||||
 331               	|| HELP command
 332               	 .help:
 333 80662 41FA 055D 	    lea     msgHelp, %a0
 334 80666 6100 FEC8 	    bsr.w   printString
 335 8066a 6000 FFF0 	    bra.w   .exit
 336               	 .invalidAddr:
 337 8066e 41FA 05B0 	    lea     msgInvalidAddress, %a0
 338 80672 6100 FEBC 	    bsr.w   printString
 339 80676 6000 FFE4 	    bra.w   .exit
 340               	 .invalidVal:
 341 8067a 41FA 05B6 	    lea     msgInvalidValue, %a0
 342 8067e 6100 FEB0 	    bsr.w   printString
 343 80682 6000 FFD8 	    bra.w   .exit
 344               		
 345               	|||||||||||||||||||||||||||||||
 346               	| Examines memory addresses
 347               	| Valid modes:
 348               	|   e ADDR                  Displays a single byte
 349               	|   e ADDR-ADDR             Dispalys all bytes between the two addresses
 350               	|   e ADDR+LEN              Dispays LEN bytes after ADDR
 351               	|   e ADDR;                 Interactive mode, space shows 16 lines, enter shows 1.
 352               	|   e ADDR.                 Quick line, displays one line 
 353               	.examine:
 354 80686 6100 0248 	    bsr.w   parseNumber         | Read in the start address
 355 8068a 4A01      	    tst.b   %d1                 | Make sure it's valid (parseNumber returns non-zero in d1 for fail
 356 8068c 6600 FFE0 	    bne.w   .invalidAddr        
 357 80690 2640      	    move.l  %d0, %a3            | Save the start address
 358               	 .exloop:
 359 80692 1018      	    move.b  (%a0)+, %d0
 360 80694 0C00 0020 	    cmp.b   #' ', %d0           | Ignore spaces
68K GAS  S68K_002.s 			page 8


 361 80698 67F8      	    beq.s   .exloop
 362 8069a 0C00 002D 	    cmp.b   #'-', %d0           | Check if it's a range specifier
 363 8069e 6716      	    beq.s   .exrange
 364 806a0 0C00 002B 	    cmp.b   #'+', %d0           | Check if it's a length specifier
 365 806a4 6722      	    beq.s   .exlength
 366 806a6 0C00 003B 	    cmp.b   #';', %d0           | Check if we're going interactive
 367 806aa 672E      	    beq.s   .exinter
 368 806ac 0C00 002E 	    cmp.b   #'.', %d0           | Check if quick 16 
 369 806b0 6712      	    beq.s   .exquick
 370 806b2 7001      	    move.l  #1, %d0             | Otherwise read in a single byte
 371 806b4 601C      	    bra.s   .exend              
 372               	 .exrange:
 373 806b6 6100 0218 	    bsr.w   parseNumber         | Find the end address
 374 806ba 4A01      	    tst.b   %d1                 | Check if we found a valid address
 375 806bc 6600 FFB0 	    bne.w   .invalidAddr
 376 806c0 908B      	    sub.l   %a3, %d0            | Get the length
 377 806c2 600E      	    bra.s   .exend
 378               	 .exquick:                      | Quick mode means show one line of 16 bytes
 379 806c4 7010      	    move.l  #0x10, %d0
 380 806c6 600A      	    bra.s   .exend
 381               	 .exlength:                     | Length mode means a length is specified
 382 806c8 6100 0206 	    bsr.w   parseNumber         | Find the length
 383 806cc 4A01      	    tst.b   %d1
 384 806ce 6600 FF9E 	    bne.w   .invalidAddr
 385               	 .exend:                        | Done parsing, give the parameters to dumpRAM and exit
 386 806d2 204B      	    move.l  %a3, %a0
 387 806d4 6100 025C 	    bsr.w   dumpRAM
 388 806d8 6082      	    bra.s   .exit
 389               	 .exinter:                      | Interactive mode, Space shows 16 lines, enter shows 1.
 390 806da 204B      	    move.l  %a3, %a0            | Current Address
 391 806dc 7010      	    move.l  #0x10, %d0          | 16 bytes
 392 806de 6100 0252 	    bsr.w   dumpRAM             | Dump this line
 393 806e2 D7FC 0000 	    add.l   #0x10, %a3          | Move up the current address 16 bytes
 393      0010 
 394               	 .exinterend:
 395 806e8 6100 FE50 	    bsr.w   inChar
 396 806ec 0C00 000D 	    cmp.b   #CR, %d0            | Display another line
 397 806f0 67E8      	    beq.s   .exinter
 398 806f2 0C00 0020 	    cmp.b   #' ', %d0           | Display a page (256 bytes at a time)
 399 806f6 6704      	    beq.s   .exinterpage
 400 806f8 6000 FF62 	    bra	   .exit               | Otherwise exit
 401               	 .exinterpage:
 402 806fc 204B      	    move.l  %a3, %a0
 403 806fe 203C 0000 	    move.l  #0x100, %d0         | 256 bytes
 403      0100 
 404 80704 6100 022C 	    bsr.w   dumpRAM             | Dump 16 lines of RAM
 405 80708 D7FC 0000 	    add.l   #0x100, %a3         | Move up the current address by 256
 405      0100 
 406 8070e 60D8      	    bra.s   .exinterend
 407               	
 408               	|||||||||||||||||||||||||||||
 409               	|| Load S Record
 410               	|	srecType:	ds.b	1		| S1-S9 stored as binary 1-9
 411               	|	srecByCt:	ds.b	1		| Byte Count
 412               	|	srecData:	ds.b	1 		| Data
 413               	|	srecCSum:	ds.b	1 		| S-Record Checksum
 414               	|	srecAddr:	ds.l	1		| S Record current byte address
68K GAS  S68K_002.s 			page 9


 415               	|
 416               	| Supports 3 S record types (matches gcc m68k output)
 417               	|	S00F00005336384B5F3030322E746D7074
 418               	|	S2240800000007FFFC00080400000000000000000000000000000000000000000000000000C5
 419               	|	S503005BA1
 420               	
 421               	loadSRec:
 422 80710 41FA 04FE 	    lea     ldSRecMsg, %a0
 423 80714 6100 FE1A 	    bsr.w   printString
 424 80718 6100 0076 		bsr		getRecType
 425 8071c 6100 00AA 		bsr		getBytCt
 426 80720 11FC 0000 		move.b 	#0, srecCSum
 426      0403 
 427 80726 6100 00FE 		bsr		getAddr
 428 8072a 41FA 0583 		lea		debug_Srec_LDData_Msg, %a0
 429 8072e 6100 FE00 		bsr		printString
 430               	loopSData:
 431 80732 0C38 0001 		cmp.b 	#1, srecByCt
 431      0401 
 432 80738 6700 000A 		beq		sRecDataDone
 433 8073c 4EBA 000E 		jsr		getLdData
 434 80740 6000 FFF0 		bra		loopSData
 435               	sRecDataDone:
 436 80744 4EBA 0028 		jsr		getChksum
 437 80748 6000 FF12 		bra.w   .exit
 438               	
 439               	getLdData:
 440 8074c 4EBA 00A4 		jsr		getHexPair
 441 80750 0C38 0002 		cmp.b	#2, srecType
 441      0400 
 442 80756 6600 000C 		bne		skipLdData
 443 8075a 41F8 0404 		lea 	srecAddr, %a0
 444 8075e 1080      		move.b	%d0, (%a0)
 445 80760 52B8 0404 		add.l	#1, srecAddr
 446               	skipLdData:
 447 80764 D138 0403 		add.b	%d0, srecCSum
 448 80768 5338 0401 		sub.b	#1, srecByCt
 449 8076c 4E75      		rts
 450               	
 451               	getChksum:
 452 8076e 41FA 04FF 		lea		debug_Srec_CSum_Msg, %a0
 453 80772 6100 FDBC 	    bsr.w   printString
 454 80776 4EBA 007A 		jsr		getHexPair
 455 8077a D138 0403 		add.b	%d0, srecCSum
 456 8077e 1038 0403 		move.b	srecCSum, %d0
 457 80782 4EBA 02F0 		jsr		printHexByte
 458 80786 41FA 0436 		lea		CRLF_MSG, %a0
 459 8078a 6100 FDA4 	    bsr.w   printString
 460               	failCSUM:
 461 8078e 4E75      		rts
 462               	
 463               	getRecType:
 464 80790 4EBA FDA8 		jsr		inChar
 465 80794 0C00 0053 		cmp.b	#'S', %d0
 466 80798 6600 FFF6 		bne		getRecType
 467 8079c 4EBA FD9C 		jsr		inChar
 468 807a0 0200 000F 		andi.b	#0x0f, %d0
68K GAS  S68K_002.s 			page 10


 469 807a4 41F8 0400 		lea		srecType, %a0
 470 807a8 1080      		move.b	%d0, (%a0)
 471               	| Debug messages follow
 472 807aa 41FA 049F 		lea		debug_Srec_Typ_Msg, %a0		| Debug message
 473 807ae 6100 FD80 	    bsr.w   printString
 474 807b2 1038 0400 		move.b	srecType, %d0
 475 807b6 0600 0030 		add.b	#'0', %d0
 476 807ba 4EBA FD4C 		jsr		outChar
 477 807be 41FA 03FE 		lea		CRLF_MSG, %a0
 478 807c2 6100 FD6C 	    bsr.w   printString
 479               	| Debug messages end
 480 807c6 4E75      		rts
 481               		
 482               	getBytCt:
 483 807c8 4EBA 0028 		jsr		getHexPair
 484 807cc 11C0 0403 		move.b 	%d0, srecCSum
 485 807d0 11C0 0401 		move.b	%d0, srecByCt
 486               	| Debug messages follow
 487 807d4 41FA 0484 		lea		debug_Srec_BytCt_Msg, %a0
 488 807d8 6100 FD56 	    bsr.w   printString
 489 807dc 1038 0401 		move.b	srecByCt, %d0
 490 807e0 4EBA 0292 		jsr		printHexByte
 491 807e4 41FA 03D8 		lea		CRLF_MSG, %a0
 492 807e8 6100 FD46 	    bsr.w   printString
 493               	| Debug messages end
 494 807ec 5338 0401 		sub.b	#1, srecByCt
 495 807f0 4E75      		rts
 496               	
 497               	getHexPair:
 498 807f2 48E7 2000 		movem.l %d2, -(%SP)		| Save registers
 499 807f6 4EBA FD42 		jsr		inChar
 500 807fa 4EBA 0016 		jsr		toNibble
 501 807fe E900      		asl.b	#4, %d0
 502 80800 1400      		move.b	%d0, %d2
 503 80802 4EBA FD36 		jsr		inChar
 504 80806 4EBA 000A 		jsr		toNibble
 505 8080a 8002      		or.b	%d2, %d0
 506 8080c 4CDF 0004 		movem.l (%SP)+, %d2		| Restore registers
 507 80810 4E75      		rts
 508               	
 509               	toNibble:
 510 80812 0C00 0041 		cmp.b	#'A', %d0
 511 80816 6C00 0008 		bge		doHexLetter
 512 8081a 0400 0030 		sub.b	#'0', %d0
 513 8081e 4E75      		rts
 514               	doHexLetter:
 515 80820 0400 004B 		sub.b	#'A'+10, %d0
 516 80824 4E75      		rts
 517               	
 518               	getAddr:
 519 80826 48E7 2000 		movem.l %d2, -(%SP)		| Save registers
 520 8082a 41F8 0400 		lea		srecType, %a0
 521 8082e 0C10 0002 		cmp.b	#2, (%a0)
 522 80832 6600 0062 		bne		adrLen16
 523 80836 41FA 044A 		lea		debug_S2rec_Addr_Msg, %a0
 524 8083a 6100 FCF4 		bsr		printString
 525 8083e 7400      		move.l	#0, %d2			| d2 stores address for accumulation of bytes
68K GAS  S68K_002.s 			page 11


 526               		| Get the upper 8-bits of 24-bits
 527 80840 4EBA FFB0 		jsr		getHexPair
 528 80844 43F8 0403 		lea		srecCSum, %a1
 529 80848 D111      		add.b 	%d0, (%a1)
 530 8084a 8480      		or.l	%d0, %d2
 531 8084c E182      		asl.l	#8, %d2
 532 8084e 2002      		move.l	%d2, %d0
 533 80850 6100 0202 		bsr		printHexLong
 534 80854 41FA 0368 		lea		CRLF_MSG, %a0
 535 80858 6100 FCD6 	    bsr.w   printString
 536               		| Get the middle 8-bits of 24-bits
 537 8085c 4EBA FF94 		jsr		getHexPair
 538 80860 D111      		add.b 	%d0, (%a1)
 539 80862 8480      		or.l	%d0, %d2
 540 80864 E182      		asl.l	#8, %d2
 541 80866 2002      		move.l	%d2, %d0
 542 80868 6100 01EA 		bsr		printHexLong
 543 8086c 41FA 0350 		lea		CRLF_MSG, %a0
 544 80870 6100 FCBE 	    bsr.w   printString
 545               		| Get the lower 8-bits of 24-bits
 546 80874 4EBA FF7C 		jsr		getHexPair
 547 80878 D111      		add.b 	%d0, (%a1)
 548 8087a 8480      		or.l	%d0, %d2
 549 8087c 21C2 0404 		move.l	%d2, srecAddr		| Save the S record address
 550 80880 5738 0401 		sub.b	#3, srecByCt
 551 80884 2002      		move.l	%d2, %d0
 552 80886 6100 01CC 		bsr		printHexLong
 553 8088a 41FA 0332 		lea		CRLF_MSG, %a0
 554 8088e 6100 FCA0 	    bsr.w   printString
 555 80892 6000 0036 		bra		past16
 556               	adrLen16:
 557 80896 41FA 03FD 		lea		debug_SXrec_Addr_Msg, %a0
 558 8089a 6100 FC94 		bsr		printString
 559               	|	move.l	#0, %d2
 560 8089e 4EBA FF52 		jsr		getHexPair
 561 808a2 5738 0401 		sub.b	#3, srecByCt
 562 808a6 6100 01AC 		bsr		printHexLong
 563 808aa 41FA 0312 		lea		CRLF_MSG, %a0
 564 808ae 6100 FC80 	    bsr.w   printString
 565               	|	or.l	%d0, %d2
 566               	|	asl.l	#8, %d2
 567 808b2 4EBA FF3E 		jsr		getHexPair
 568 808b6 5738 0401 		sub.b	#3, srecByCt
 569 808ba 6100 0198 		bsr		printHexLong
 570 808be 41FA 02FE 		lea		CRLF_MSG, %a0
 571 808c2 6100 FC6C 	    bsr.w   printString
 572               	|	or.l	%d0, %d2
 573               	|	move.l	%d2, srecAddr
 574 808c6 5538 0401 		sub.b	#2, srecByCt
 575               	past16:
 576 808ca 4CDF 0004 		movem.l (%SP)+, %d2		| Restore registers
 577 808ce 4E75      		rts
 578               			
 579               	|||||||||||||||||||||||||||||
 580               	| Find and parse a hex number
 581               	|  Starting address in A0
 582               	|  Number returned in D0
68K GAS  S68K_002.s 			page 12


 583               	|  Status in D1   (0 success, 1 fail)
 584               	|  TODO: Try and merge first digit code with remaining digit code
 585               	parseNumber:
 586 808d0 B180      	    eor.l   %d0, %d0		| Zero out d0
 587 808d2 1018      	    move.b  (%a0)+, %d0
 588 808d4 0C00 0020 	    cmp.b   #' ', %d0		|  Ignore all leading spaces
 589 808d8 67F6      	    beq.s   parseNumber
 590 808da 0C00 0030 	    cmp.b   #'0', %d0       | Look for hex digits 0-9
 591 808de 6D14      	    blt.s	PNinvalid
 592 808e0 0C00 0039 	    cmp.b   #'9', %d0
 593 808e4 6F18      	    ble.s   PNfirstdigit1
 594               	
 595 808e6 0C00 0041 	    cmp.b   #'A', %d0      	| Look for hex digits A-F
 596 808ea 6D00 FD68 	    blt   .invalid    
 597 808ee 0C00 0046 	    cmp.b   #'F', %d0
 598 808f2 6F04      	    ble.s   PNfirstdigit2
 599               	PNinvalid:
 600 808f4 7201      	    move.l  #1, %d1			| Invalid character, mark failure and return
 601 808f6 4E75      	    rts
 602               	PNfirstdigit2:
 603 808f8 0400 0037 	    sub.b   #'7', %d0       | Turn 'A' to 10
 604 808fc 6004      	    bra.s   PNloop
 605               	PNfirstdigit1:
 606 808fe 0400 0030 	    sub.b   #'0', %d0       | Turn '0' to 0
 607               	 PNloop:
 608 80902 1218      	    move.b  (%a0)+, %d1      | Read in a digit
 609 80904 0C01 0030 	    cmp.b   #'0', %d1       | Look for hex digits 0-9
 610 80908 6D12      	    blt.s   PNend         	| Any other characters mean we're done reading
 611 8090a 0C01 0039 	    cmp.b   #'9', %d1
 612 8090e 6F18      	    ble.s   PNdigit1
 613 80910 0C01 0041 	    cmp.b   #'A', %d1      	| Look for hex digits A-F
 614 80914 6D06      	    blt.s   PNend
 615 80916 0C01 0046 	    cmp.b   #'F', %d1
 616 8091a 6F06      	    ble.s   PNdigit2
 617               	
 618               	PNend:                       | We hit a non-hex digit character, we're done parsing
 619 8091c 5388      	    subq.l  #1, %a0         | Move the pointer back before the end character we read
 620 8091e 7200      	    move.l  #0, %d1
 621 80920 4E75      	    rts
 622               	PNdigit2:
 623 80922 0401 0037 	    sub.b   #'7', %d1		| Turn 'A' to 10
 624 80926 6004      	    bra.s   PNdigit3
 625               	PNdigit1:
 626 80928 0401 0030 	    sub.b   #'0', %d1       | Turn '0' to 0
 627               	PNdigit3:
 628 8092c E988      	    lsl.l   #4, %d0        	| Shift over to the next nybble
 629 8092e D001      	    add.b   %d1, %d0       	| Place in our current nybble (could be or.b instead)
 630 80930 60D0      	    bra.s   PNloop
 631               	    
 632               	
 633               	|||||||||||||||||||||||||||||
 634               	| Dumps a section of RAM to the screen
 635               	| Displays both hex values and ASCII characters
 636               	| d0 - Number of bytes to dump
 637               	| a0 - Start Address
 638               	dumpRAM:
 639 80932 48E7 3820 	    movem.l %d2-%d4/%a2, -(%SP) | Save registers
68K GAS  S68K_002.s 			page 13


 640 80936 2448      	    move.l  %a0, %a2           	| Save the start address
 641 80938 2400      	    move.l  %d0, %d2           	| And the number of bytes
 642               	 .line:
 643 8093a 200A      	    move.l  %a2, %d0          
 644 8093c 6100 010E 	    bsr.w   printHexAddr     	| Starting address of this line
 645 80940 41FA 0303 	    lea     msgColonSpace, %a0
 646 80944 6100 FBEA 	    bsr.w   printString
 647 80948 7610      	    move.l  #16, %d3         	| 16 Bytes can be printed on a line
 648 8094a 2803      	    move.l  %d3, %d4       		| Save number of bytes on this line
 649               	 .hexbyte:
 650 8094c 4A82      	    tst.l   %d2               	| Check if we're out of bytes
 651 8094e 6718      	    beq.s   .endbytesShort
 652 80950 4A03      	    tst.b   %d3               	| Check if we're done this line
 653 80952 673A      	    beq.s   .endbytes    
 654 80954 101A      	    move.b  (%a2)+, %d0        	| Read a byte in from RAM
 655 80956 6100 011C 	    bsr.w   printHexByte     	| Display it
 656 8095a 103C 0020 	    move.b  #' ', %d0
 657 8095e 6100 FBA8 	    bsr.w   outChar          	| Space out bytes
 658 80962 5383      	    subq.l  #1, %d3    
 659 80964 5382      	    subq.l  #1, %d2        
 660 80966 60E4      	    bra.s   .hexbyte
 661               	 .endbytesShort:
 662 80968 9803      	    sub.b   %d3, %d4           	| Make d4 the actual number of bytes on this line
 663 8096a 103C 0020 	    move.b  #' ', %d0
 664               	 .endbytesShortLoop:
 665 8096e 4A03      	    tst.b   %d3               	| Check if we ended the line
 666 80970 671C      	    beq.s   .endbytes
 667 80972 103C 0020 	    move.b  #' ', %d0
 668 80976 6100 FB90 	    bsr.w   outChar          	| Three spaces to pad out
 669 8097a 103C 0020 	    move.b  #' ', %d0
 670 8097e 6100 FB88 	    bsr.w   outChar
 671 80982 103C 0020 	    move.b  #' ', %d0
 672 80986 6100 FB80 	    bsr.w   outChar
 673               	    
 674 8098a 5303      	    subq.b  #1, %d3
 675 8098c 60E0      	    bra.s   .endbytesShortLoop
 676               	 .endbytes:
 677 8098e 95C4      	    suba.l  %d4, %a2        	| Return to the start address of this line
 678               	 .endbytesLoop:
 679 80990 4A04      	    tst.b   %d4               	| Check if we are done printing ascii
 680 80992 6700 0022 	    beq     .endline    
 681 80996 5304      	    subq.b  #1, %d4
 682 80998 101A      	    move.b  (%a2)+, %d0        	| Read the byte again
 683 8099a 0C00 0020 	    cmp.b   #' ', %d0         	| Lowest printable character
 684 8099e 6D0C      	    blt.s   .unprintable
 685 809a0 0C00 007E 	    cmp.b   #'~', %d0         	| Highest printable character
 686 809a4 6E06      	    bgt.s   .unprintable
 687 809a6 6100 FB60 	    bsr.w   outChar
 688 809aa 60E4      	    bra.s   .endbytesLoop
 689               	 .unprintable:
 690 809ac 103C 002E 	    move.b  #'.', %d0
 691 809b0 6100 FB56 	    bsr.w   outChar
 692 809b4 60DA      	    bra.s   .endbytesLoop
 693               	 .endline:
 694 809b6 41FA 0290 	    lea     msgNewline, %a0
 695 809ba 6100 FB74 	    bsr.w   printString
 696 809be 4A82      	    tst.l   %d2
68K GAS  S68K_002.s 			page 14


 697 809c0 6F04      	    ble.s   .end
 698 809c2 6000 FF76 	    bra.w   .line
 699               	 .end:
 700 809c6 4CDF 041C 	    movem.l (%SP)+, %d2-%d4/%a2		| Restore registers
 701 809ca 4E75      	    rts
 702               	
 703               	|||||||||||||||||||||||
 704               	| Deposit values into RAM
 705               	| d ADDR VAL VAL            Deposit value(s) into RAM
 706               	| d ADDR VAL VAL;           Deposit values, continue with values on next line
 707               	|  VAL VAL VAL;              - Continuing with further continue
 708               	| d: VAL VAL                Continue depositing values after the last address written to
 709               	|||||||||||||||||||||||
 710               	.deposit:
 711 809cc 1010      	    move.b  (%a0), %d0
 712 809ce 0C00 003A 	    cmp.b   #':', %d0       	| Check if we want to continue from last
 713 809d2 6730      	    beq.s   DepCont
 714               	    
 715 809d4 6100 FEFA 	    bsr.w   parseNumber         | Otherwise read the address
 716 809d8 4A01      	    tst.b   %d1
 717 809da 6600 FC92 	    bne		.invalidAddr
 718 809de 2640      	    move.l  %d0, %a3           	| Save the start address
 719               	 DepLoop:
 720 809e0 1010      	    move.b  (%a0), %d0            
 721 809e2 0C00 003B 	    cmp.b   #';', %d0          	| Check for continue
 722 809e6 6726      	    beq.s   DepMLine
 723 809e8 4A40      	    tst     %d0              	| Check for the end of line
 724 809ea 6700 003A 	    beq     DepEnd
 725               	    
 726 809ee 6100 FEE0 	    bsr		parseNumber         | Otherwise read a value
 727 809f2 4A01      	    tst.b   %d1
 728 809f4 6600 FC84 	    bne		.invalidVal
 729 809f8 0C40 00FF 	    cmp.w   #255, %d0          	| Make sure it's a byte
 730 809fc 6E00 FC7C 	    bgt		.invalidVal
 731               	    
 732 80a00 16C0      	    move.b  %d0, (%a3)+        	| Store the value into memory
 733 80a02 60DC      	    bra.s   DepLoop
 734               	    
 735               	 DepCont:
 736 80a04 2679 0007 	    move.l  varCurAddr, %a3   	| Read in the last address 
 736      FBAA 
 737 80a0a 5288      	    addq.l  #1, %a0           	| Skip over the ':'
 738 80a0c 60D2      	    bra.s   DepLoop
 739               	    
 740               	 DepMLine:
 741 80a0e 41FA 0186 	    lea     msgDepositPrompt, %a0
 742 80a12 6100 FB1C 	    bsr.w   printString
 743 80a16 6100 FB4A 	    bsr.w   readLine          	| Read in the next line to be parsed
 744 80a1a 6100 FBD8 	    bsr.w   lineToUpper         | Convert to uppercase
 745 80a1e 41F9 0007 	    lea     varLineBuf, %a0    	| Reset our buffer pointer
 745      FBAE 
 746 80a24 60BA      	    bra.s   DepLoop            	| And jump back to decoding
 747               	 DepEnd:
 748 80a26 23CB 0007 	    move.l  %a3, varCurAddr
 748      FBAA 
 749 80a2c 6000 FC2E 	    bra.w   .exit
 750               	
68K GAS  S68K_002.s 			page 15


 751               	|||||||||||||||||||||||
 752               	| run code
 753               	 .run:
 754 80a30 6100 FE9E 	    bsr.w   parseNumber        	| Otherwise read the address
 755 80a34 4A01      	    tst.b   %d1
 756 80a36 6600 FC36 	    bne		.invalidAddr
 757 80a3a 2040      	    move.l  %d0, %a0
 758 80a3c 4E90      	    jsr     (%a0)             	| Jump to the code! 
 759               	                                | Go as subroutine to allow code to return to us
 760 80a3e 4EBA FA8C 	    jsr     monitorStart        | Warm start after returning so everything is in
 761               	                                | a known state.
 762               	
 763               	
 764               	|||||||||||||||||||||||
 765               	|| KEEP All printHex functions together ||
 766               	|||||||||||||||||||||||
 767               	| Print a hex word
 768               	printHexWord:
 769 80a42 2F02      	    move.l  %d2, -(%SP)		| Save D2
 770 80a44 2400      	    move.l  %d0, %d2		| Save the address in d2
 771               	    
 772 80a46 E19A      	    rol.l   #0x8, %d2       | 4321 -> 3214
 773 80a48 E19A      	    rol.l   #0x8, %d2       | 3214 -> 2143 
 774 80a4a 6018      	    bra.s   printHex_wordentry  | Print out the last 16 bits
 775               	|||||||||||||||||||||||
 776               	| Print a hex 24-bit address
 777               	printHexAddr:
 778 80a4c 2F02      	    move.l %d2, -(%SP)   	| Save D2
 779 80a4e 2400      	    move.l %d0, %d2      	| Save the address in d2
 780               	    
 781 80a50 E19A      	    rol.l   #0x8, %d2     	| 4321 -> 3214
 782 80a52 600A      	    bra.s   printHex_addrentry  | Print out the last 24 bits
 783               	|||||||||||||||||||||||
 784               	* Print a hex long
 785               	printHexLong:
 786 80a54 2F02      	    move.l  %d2, -(%SP)     | Save D2
 787 80a56 2400      	    move.l  %d0, %d2        | Save the address in d2
 788               	    
 789 80a58 E19A      	    rol.l   #0x8, %d2        | 4321 -> 3214 high byte in low
 790 80a5a 2002      	    move.l  %d2, %d0
 791 80a5c 6116      	    bsr.s   printHexByte  	| Print the high byte (24-31)
 792               	printHex_addrentry:     
 793 80a5e E19A      	    rol.l   #0x8, %d2        	| 3214 -> 2143 middle-high byte in low
 794 80a60 2002      	    move.l  %d2, %d0              
 795 80a62 6110      	    bsr.s   printHexByte  	| Print the high-middle byte (16-23)
 796               	printHex_wordentry:    
 797 80a64 E19A      	    rol.l   #0x8, %d2        	| 2143 -> 1432 Middle byte in low
 798 80a66 2002      	    move.l  %d2, %d0
 799 80a68 610A      	    bsr.s   printHexByte  	| Print the middle byte (8-15)
 800 80a6a E19A      	    rol.l   #0x8, %d2
 801 80a6c 2002      	    move.l  %d2, %d0
 802 80a6e 6104      	    bsr.s   printHexByte  	| Print the low byte (0-7)
 803               	    
 804 80a70 241F      	    move.l (%SP)+, %d2      | Restore D2
 805 80a72 4E75      	    RTS
 806               	    
 807               	|||||||||||||||||||||||
68K GAS  S68K_002.s 			page 16


 808               	| Print a hex byte
 809               	|  - Takes byte in D0
 810               	printHexByte:
 811 80a74 2F02      	    move.l  %D2, -(%SP)
 812 80a76 7400      		move.l	#0, %d2
 813 80a78 1400      	    move.b  %d0, %d2
 814 80a7a E808      	    lsr.b   #0x4, %d0		| Shift down upper nibble
 815 80a7c 0200 000F 		andi.b	#0xf, %d0
 816 80a80 0600 0030 	    add.b   #'0', %d0
 817 80a84 0C00 0039 	    cmp.b   #'9', %d0		| Check if the hex number was from 0-9
 818 80a88 6F02      	    ble.s   PHBsecond
 819 80a8a 5E00      	    add.b   #0x7, %d0			| Shift 0xA-0xF from ':' to 'A'
 820               	PHBsecond:
 821 80a8c 6100 FA7A 	    bsr   outChar			| Print the digit
 822 80a90 0202 000F 	    andi.b  #0x0F, %d2		| Now we want the lower digit Mask only the lower digit
 823 80a94 0602 0030 	    add.b   #'0', %d2
 824 80a98 0C02 0039 	    cmp.b   #'9', %d2     	| Same as before    
 825 80a9c 6F02      	    ble.s   PHBend
 826 80a9e 5E02      	    add.b   #0x7, %D2
 827               	PHBend:
 828 80aa0 1002      	    move.b  %D2, %D0
 829 80aa2 6100 FA64 	    bsr	   outChar      	| Print the lower digit
 830 80aa6 241F      	    move.l  (%SP)+, %D2
 831 80aa8 4E75      	    rts
 832               		
 833               	
 834               	|||||
 835               	| Initializes the 68681 DUART port A as 9600 8N1 
 836               	initDuart:
 837 80aaa 13FC 0030 	    move.b  #0x30, CRA       | Reset Transmitter
 837      000F 0004 
 838 80ab2 13FC 0020 	    move.b  #0x20, CRA       | Reset Receiver
 838      000F 0004 
 839 80aba 13FC 0010 	    move.b  #0x10, CRA       | Reset Mode Register Pointer
 839      000F 0004 
 840               	    
 841 80ac2 13FC 0080 	    move.b  #0x80, ACR       | Baud Rate Set #2
 841      000F 0008 
 842 80aca 13FC 00BB 	    move.b  #0xBB, CSRA      | Set Tx and Rx rates to 9600
 842      000F 0002 
 843 80ad2 13FC 0093 	    move.b  #0x93, MRA       | 7-bit, No Parity (0x93 for 8-bit, 0x92 for 7-bit)
 843      000F 0000 
 844 80ada 13FC 0007 	    move.b  #0x07, MRA       | Normal Mode, Not CTS/RTS, 1 stop bit
 844      000F 0000 
 845               	    
 846 80ae2 13FC 0005 	    move.b  #0x05, CRA       | Enable Transmit/Recieve
 846      000F 0004 
 847               	
 848 80aea 13FC 0030 	    move.b  #0x30, CRB       | Reset Transmitter
 848      000F 0014 
 849 80af2 13FC 0020 	    move.b  #0x20, CRB       | Reset Receiver
 849      000F 0014 
 850 80afa 13FC 0010 	    move.b  #0x10, CRB       | Reset Mode Register Pointer
 850      000F 0014 
 851               	    
 852 80b02 13FC 00BB 	    move.b  #0xBB, CSRB      | Set Tx and Rx rates to 9600
 852      000F 0012 
68K GAS  S68K_002.s 			page 17


 853 80b0a 13FC 0093 	    move.b  #0x93, MRB       | 7-bit, No Parity (0x93 for 8-bit, 0x92 for 7-bit)
 853      000F 0010 
 854 80b12 13FC 0007 	    move.b  #0x07, MRB       | Normal Mode, Not CTS/RTS, 1 stop bit
 854      000F 0010 
 855               	    
 856 80b1a 13FC 0005 	    move.b  #0x05, CRB       | Enable Transmit/Recieve
 856      000F 0014 
 857               		
 858 80b22 13FC 0000 		move.b	#0x00, OPC		 | Output port configuration (all bit are outs)
 858      000F 001A 
 859 80b2a 13FC 00FC 		move.b	#0xFC, OPR		 | Clear all outputs
 859      000F 001E 
 860 80b32 4E75      	    rts    
 861               	
 862               	delay1Sec:
 863 80b34 203C 0003 		move.l	#200000, %d0	| rough count
 863      0D40 
 864               	delay1Loop:
 865 80b3a 5380      		sub.l	#1, %d0			
 866 80b3c 6600 FFFC 		bne		delay1Loop
 867 80b40 4E75      		rts
 868               	
 869               	READINLINE:	  
 870 80b42 5265 6164 		.ascii  "Reading in line"
 870      696E 6720 
 870      696E 206C 
 870      696E 65
 871 80b51 0D0A 00   		dc.b CR,LF,EOT
 872               	L_TO_UPPER_MSG:  
 873 80b54 436F 6E76 		.ascii  "Convert line to upper case"
 873      6572 7420 
 873      6C69 6E65 
 873      2074 6F20 
 873      7570 7065 
 874 80b6e 0D0A 00   		dc.b CR,LF,EOT
 875               	WRITEOUTLINE:	  
 876 80b71 5772 6974 		.ascii  "Writing out line"
 876      696E 6720 
 876      6F75 7420 
 876      6C69 6E65 
 877 80b81 0D0A 00   		dc.b CR,LF,EOT
 878               	RAM_PASS_MSG:  
 879 80b84 5241 4D20 		.ascii  "RAM Test Passed"
 879      5465 7374 
 879      2050 6173 
 879      7365 64
 880 80b93 0D0A 00   		dc.b CR,LF,EOT
 881               	msgDepositPrompt:
 882 80b96 3A20      	    .ascii	": "
 883 80b98 00        		dc.b 	EOT
 884               	BANNER_MSG:	
 885 80b99 5349 4D50 		.ascii  "SIMPLE-68008 CPU"
 885      4C45 2D36 
 885      3830 3038 
 885      2043 5055 
 886 80ba9 0D0A 00   		dc.b CR,LF,EOT
 887               	msgInvalidCommand:
68K GAS  S68K_002.s 			page 18


 888 80bac 496E 7661 	    .ascii "Invalid Command"
 888      6C69 6420 
 888      436F 6D6D 
 888      616E 64
 889 80bbb 0D0A 00   		dc.b CR,LF,EOT
 890               	CRLF_MSG:	
 891 80bbe 0D0A 00   		dc.b CR,LF,EOT
 892               	msgHelp:
 893 80bc1 4176 6169 	    .ascii	"Available Commands: "
 893      6C61 626C 
 893      6520 436F 
 893      6D6D 616E 
 893      6473 3A20 
 894 80bd5 0D0A      		dc.b	CR,LF
 895 80bd7 2028 4529 	    .ascii	" (E)xamine    (D)eposit    (R)un     (L)oad     (H)elp"
 895      7861 6D69 
 895      6E65 2020 
 895      2020 2844 
 895      2965 706F 
 896 80c0d 0D0A 00   		dc.b	CR,LF,EOT
 897               	ldSRecMsg:
 898 80c10 4C6F 6164 	    .ascii	"Load S-Record"
 898      2053 2D52 
 898      6563 6F72 
 898      64
 899 80c1d 0D0A 00   		dc.b	CR,LF,EOT
 900               	msgInvalidAddress:
 901 80c20 496E 7661 	    .ascii	"Invalid Address"
 901      6C69 6420 
 901      4164 6472 
 901      6573 73
 902 80c2f 0D0A 00   		dc.b 	CR,LF,EOT
 903               	msgInvalidValue:
 904 80c32 496E 7661 	    .ascii	"Invalid Value"
 904      6C69 6420 
 904      5661 6C75 
 904      65
 905 80c3f 0D0A 00   		dc.b	CR,LF,EOT
 906               	msgPrompt:
 907 80c42 3E20      		.ascii "> "
 908 80c44 00        	    dc.b EOT
 909               	msgColonSpace:
 910 80c45 3A20      	    .ascii ": "
 911 80c47 00        	    dc.b EOT
 912               	msgNewline:
 913 80c48 0D0A 00   	    dc.b CR,LF,EOT
 914               	debug_Srec_Typ_Msg:
 915 80c4b 5320 5265 		.ascii	"S Record Type="
 915      636F 7264 
 915      2054 7970 
 915      653D 
 916 80c59 00        	    dc.b EOT
 917               	debug_Srec_BytCt_Msg:
 918 80c5a 5320 5265 		.ascii	"S Record Byte Count="
 918      636F 7264 
 918      2042 7974 
 918      6520 436F 
68K GAS  S68K_002.s 			page 19


 918      756E 743D 
 919 80c6e 00        	    dc.b EOT
 920               	debug_Srec_CSum_Msg:
 921 80c6f 5320 5265 		.ascii	"S Record Checksum="
 921      636F 7264 
 921      2043 6865 
 921      636B 7375 
 921      6D3D 
 922 80c81 00        	    dc.b EOT
 923               	debug_S2rec_Addr_Msg:
 924 80c82 5332 2052 		.ascii	"S2 Record Address="
 924      6563 6F72 
 924      6420 4164 
 924      6472 6573 
 924      733D 
 925 80c94 00        	    dc.b EOT
 926               	debug_SXrec_Addr_Msg:
 927 80c95 5320 286E 		.ascii	"S (not 2) Record Address="
 927      6F74 2032 
 927      2920 5265 
 927      636F 7264 
 927      2041 6464 
 928 80cae 00        	    dc.b EOT
 929               	debug_Srec_LDData_Msg:
 930 80caf 4C6F 6164 	    .ascii	"Load Data Loop start"
 930      2044 6174 
 930      6120 4C6F 
 930      6F70 2073 
 930      7461 7274 
 931 80cc3 0D0A 00   		dc.b 	CR,LF,EOT
 932               	
 933               	
 934               	MAX_LINE_LENGTH = 80
 935               	varLineBuf = RAM_END+1-1024-MAX_LINE_LENGTH-2
 936               	varCurAddr = varLineBuf-4
68K GAS  S68K_002.s 			page 20


DEFINED SYMBOLS
          S68K_002.s:6      *ABS*:0000000000000000 RAM_START
          S68K_002.s:7      *ABS*:000000000007fffc STACK_END
          S68K_002.s:8      *ABS*:000000000007ffff RAM_END
          S68K_002.s:9      *ABS*:0000000000080000 ROM_START
          S68K_002.s:10     *ABS*:0000000000080400 ROM_CODE
          S68K_002.s:12     *ABS*:000000000008ffff ROM_END
          S68K_002.s:17     *ABS*:00000000000f0000 DUART
          S68K_002.s:18     *ABS*:00000000000f0000 MRA
          S68K_002.s:19     *ABS*:00000000000f0002 SRA
          S68K_002.s:20     *ABS*:00000000000f0002 CSRA
          S68K_002.s:21     *ABS*:00000000000f0004 CRA
          S68K_002.s:22     *ABS*:00000000000f0006 RBA
          S68K_002.s:23     *ABS*:00000000000f0006 TBA
          S68K_002.s:24     *ABS*:00000000000f0008 ACR
          S68K_002.s:25     *ABS*:00000000000f000a ISR
          S68K_002.s:26     *ABS*:00000000000f000a IMR
          S68K_002.s:27     *ABS*:00000000000f0010 MRB
          S68K_002.s:28     *ABS*:00000000000f0012 SRB
          S68K_002.s:29     *ABS*:00000000000f0012 CSRB
          S68K_002.s:30     *ABS*:00000000000f0014 CRB
          S68K_002.s:31     *ABS*:00000000000f0016 RBB
          S68K_002.s:32     *ABS*:00000000000f0016 TBB
          S68K_002.s:33     *ABS*:00000000000f0018 IVR
          S68K_002.s:34     *ABS*:00000000000f001a OPC
          S68K_002.s:35     *ABS*:00000000000f001a INU
          S68K_002.s:36     *ABS*:00000000000f001c OPS
          S68K_002.s:37     *ABS*:00000000000f001e OPR
          S68K_002.s:42     *ABS*:0000000000000007 BEL
          S68K_002.s:43     *ABS*:0000000000000008 BKSP
          S68K_002.s:44     *ABS*:0000000000000009 TAB
          S68K_002.s:45     *ABS*:000000000000000a LF
          S68K_002.s:46     *ABS*:000000000000000d CR
          S68K_002.s:47     *ABS*:000000000000001b ESC
          S68K_002.s:48     *ABS*:0000000000000000 EOT
          S68K_002.s:50     *ABS*:0000000000000003 CTRLC
          S68K_002.s:51     *ABS*:0000000000000018 CTRLX
          S68K_002.s:54     .text:0000000000000400 _srecType
          S68K_002.s:55     .text:0000000000000401 _srecByCt
          S68K_002.s:56     .text:0000000000000402 _srecData
          S68K_002.s:57     .text:0000000000000403 _srecCSum
          S68K_002.s:58     .text:0000000000000404 _srecAddr
          S68K_002.s:60     *ABS*:0000000000000400 srecType
          S68K_002.s:61     *ABS*:0000000000000401 srecByCt
          S68K_002.s:62     *ABS*:0000000000000402 srecData
          S68K_002.s:63     *ABS*:0000000000000403 srecCSum
          S68K_002.s:64     *ABS*:0000000000000404 srecAddr
          S68K_002.s:175    .text:0000000000080502 FERVR2
          S68K_002.s:100    .text:000000000008045c loop1stLoc
          S68K_002.s:173    .text:0000000000080502 failBitTest
          S68K_002.s:115    .text:000000000008047c loopAdrFill
          S68K_002.s:127    .text:000000000008049a loopAdrCk
          S68K_002.s:174    .text:0000000000080502 failAdrTest
          S68K_002.s:142    .text:00000000000804b4 fillSRAM
          S68K_002.s:146    .text:00000000000804c0 fillSRAMLoop
          S68K_002.s:836    .text:0000000000080aaa initDuart
          S68K_002.s:155    .text:00000000000804cc monitorStart
68K GAS  S68K_002.s 			page 21


          S68K_002.s:884    .text:0000000000080b99 BANNER_MSG
          S68K_002.s:200    .text:0000000000080530 printString1
          S68K_002.s:878    .text:0000000000080b84 RAM_PASS_MSG
          S68K_002.s:163    .text:00000000000804dc interpLoop
          S68K_002.s:906    .text:0000000000080c42 msgPrompt
          S68K_002.s:201    .text:0000000000080530 printString
          S68K_002.s:230    .text:0000000000080562 readLine
          S68K_002.s:287    .text:00000000000805f4 lineToUpper
          S68K_002.s:304    .text:0000000000080612 parseLine
          S68K_002.s:182    .text:0000000000080508 outChar1
          S68K_002.s:183    .text:0000000000080508 outChar
          S68K_002.s:191    .text:000000000008051c outChar2
          S68K_002.s:202    .text:0000000000080530 PSloop
          S68K_002.s:208    .text:0000000000080538 PSend
          S68K_002.s:216    .text:000000000008053a inChar1
          S68K_002.s:217    .text:000000000008053a inChar
          S68K_002.s:223    .text:000000000008054e inChar2
                            *ABS*:000000000007fbae varLineBuf
          S68K_002.s:234    .text:000000000008056e RLloop
          S68K_002.s:251    .text:000000000008059a RLBS
          S68K_002.s:262    .text:00000000000805b8 RLlineClr
          S68K_002.s:276    .text:00000000000805dc RLEndLn
          S68K_002.s:244    .text:000000000008058a .char
                            *ABS*:0000000000000050 MAX_LINE_LENGTH
          S68K_002.s:266    .text:00000000000805be RLlineClrloop
          S68K_002.s:289    .text:00000000000805fa LUloop
          S68K_002.s:296    .text:000000000008060c LUnext
          S68K_002.s:307    .text:000000000008061c PLfindCommand
          S68K_002.s:353    .text:0000000000080686 .examine
          S68K_002.s:710    .text:00000000000809cc .deposit
          S68K_002.s:753    .text:0000000000080a30 .run
          S68K_002.s:332    .text:0000000000080662 .help
          S68K_002.s:421    .text:0000000000080710 loadSRec
          S68K_002.s:326    .text:000000000008065c .exit
          S68K_002.s:323    .text:0000000000080654 .invalid
          S68K_002.s:887    .text:0000000000080bac msgInvalidCommand
          S68K_002.s:892    .text:0000000000080bc1 msgHelp
          S68K_002.s:336    .text:000000000008066e .invalidAddr
          S68K_002.s:900    .text:0000000000080c20 msgInvalidAddress
          S68K_002.s:340    .text:000000000008067a .invalidVal
          S68K_002.s:903    .text:0000000000080c32 msgInvalidValue
          S68K_002.s:585    .text:00000000000808d0 parseNumber
          S68K_002.s:358    .text:0000000000080692 .exloop
          S68K_002.s:372    .text:00000000000806b6 .exrange
          S68K_002.s:381    .text:00000000000806c8 .exlength
          S68K_002.s:389    .text:00000000000806da .exinter
          S68K_002.s:378    .text:00000000000806c4 .exquick
          S68K_002.s:385    .text:00000000000806d2 .exend
          S68K_002.s:638    .text:0000000000080932 dumpRAM
          S68K_002.s:394    .text:00000000000806e8 .exinterend
          S68K_002.s:401    .text:00000000000806fc .exinterpage
          S68K_002.s:897    .text:0000000000080c10 ldSRecMsg
          S68K_002.s:463    .text:0000000000080790 getRecType
          S68K_002.s:482    .text:00000000000807c8 getBytCt
          S68K_002.s:518    .text:0000000000080826 getAddr
          S68K_002.s:929    .text:0000000000080caf debug_Srec_LDData_Msg
          S68K_002.s:430    .text:0000000000080732 loopSData
68K GAS  S68K_002.s 			page 22


          S68K_002.s:435    .text:0000000000080744 sRecDataDone
          S68K_002.s:439    .text:000000000008074c getLdData
          S68K_002.s:451    .text:000000000008076e getChksum
          S68K_002.s:497    .text:00000000000807f2 getHexPair
          S68K_002.s:446    .text:0000000000080764 skipLdData
          S68K_002.s:920    .text:0000000000080c6f debug_Srec_CSum_Msg
          S68K_002.s:810    .text:0000000000080a74 printHexByte
          S68K_002.s:890    .text:0000000000080bbe CRLF_MSG
          S68K_002.s:460    .text:000000000008078e failCSUM
          S68K_002.s:914    .text:0000000000080c4b debug_Srec_Typ_Msg
          S68K_002.s:917    .text:0000000000080c5a debug_Srec_BytCt_Msg
          S68K_002.s:509    .text:0000000000080812 toNibble
          S68K_002.s:514    .text:0000000000080820 doHexLetter
          S68K_002.s:556    .text:0000000000080896 adrLen16
          S68K_002.s:923    .text:0000000000080c82 debug_S2rec_Addr_Msg
          S68K_002.s:785    .text:0000000000080a54 printHexLong
          S68K_002.s:575    .text:00000000000808ca past16
          S68K_002.s:926    .text:0000000000080c95 debug_SXrec_Addr_Msg
          S68K_002.s:599    .text:00000000000808f4 PNinvalid
          S68K_002.s:605    .text:00000000000808fe PNfirstdigit1
          S68K_002.s:602    .text:00000000000808f8 PNfirstdigit2
          S68K_002.s:607    .text:0000000000080902 PNloop
          S68K_002.s:618    .text:000000000008091c PNend
          S68K_002.s:625    .text:0000000000080928 PNdigit1
          S68K_002.s:622    .text:0000000000080922 PNdigit2
          S68K_002.s:627    .text:000000000008092c PNdigit3
          S68K_002.s:642    .text:000000000008093a .line
          S68K_002.s:777    .text:0000000000080a4c printHexAddr
          S68K_002.s:909    .text:0000000000080c45 msgColonSpace
          S68K_002.s:649    .text:000000000008094c .hexbyte
          S68K_002.s:661    .text:0000000000080968 .endbytesShort
          S68K_002.s:676    .text:000000000008098e .endbytes
          S68K_002.s:664    .text:000000000008096e .endbytesShortLoop
          S68K_002.s:678    .text:0000000000080990 .endbytesLoop
          S68K_002.s:693    .text:00000000000809b6 .endline
          S68K_002.s:689    .text:00000000000809ac .unprintable
          S68K_002.s:912    .text:0000000000080c48 msgNewline
          S68K_002.s:699    .text:00000000000809c6 .end
          S68K_002.s:735    .text:0000000000080a04 DepCont
          S68K_002.s:719    .text:00000000000809e0 DepLoop
          S68K_002.s:740    .text:0000000000080a0e DepMLine
          S68K_002.s:747    .text:0000000000080a26 DepEnd
                            *ABS*:000000000007fbaa varCurAddr
          S68K_002.s:881    .text:0000000000080b96 msgDepositPrompt
          S68K_002.s:768    .text:0000000000080a42 printHexWord
          S68K_002.s:796    .text:0000000000080a64 printHex_wordentry
          S68K_002.s:792    .text:0000000000080a5e printHex_addrentry
          S68K_002.s:820    .text:0000000000080a8c PHBsecond
          S68K_002.s:827    .text:0000000000080aa0 PHBend
          S68K_002.s:862    .text:0000000000080b34 delay1Sec
          S68K_002.s:864    .text:0000000000080b3a delay1Loop
          S68K_002.s:869    .text:0000000000080b42 READINLINE
          S68K_002.s:872    .text:0000000000080b54 L_TO_UPPER_MSG
          S68K_002.s:875    .text:0000000000080b71 WRITEOUTLINE

NO UNDEFINED SYMBOLS
