conway.pal(7:1)     : error:  undefined symbol "PROGRA" at Loc = 00200
conway.pal(7:13)    : error:  undefined symbol "BLACK" at Loc = 00200
conway.pal(7:19)    : error:  undefined symbol "BOOK" at Loc = 00200
conway.pal(7:24)    : error:  undefined symbol "R1698" at Loc = 00200
conway.pal(25:9)    : error:  numeric syntax of "12D" at Loc = 00201
conway.pal(26:9)    : error:  number not in current radix "8D" at Loc = 00201
conway.pal(27:10)   : error:  number not in current radix "96D" at Loc = 00201
conway.pal(29:1)    : error:  undefined symbol "ERMARK" at Loc = 00201
conway.pal(29:7)    : error:  illegal expression at Loc = 00201
conway.pal(40:10)   : error:  numeric syntax of "27D" at Loc = 00202
conway.pal(41:12)   : error:  numeric syntax of "32D" at Loc = 00202
conway.pal(42:9)    : error:  numeric syntax of "13D" at Loc = 00202
conway.pal(43:9)    : error:  numeric syntax of "10D" at Loc = 00202
conway.pal(71:1)    : error:  duplicate label "MCELLO" at Loc = 00022
conway.pal(71:1)    : error:  redefined symbol "MCELLO" at Loc = 00022
conway.pal(72:1)    : error:  duplicate label "MCELLO" at Loc = 00023
conway.pal(72:1)    : error:  redefined symbol "MCELLO" at Loc = 00023
conway.pal(81:1)    : error:  duplicate label "CMINUS" at Loc = 00031
conway.pal(81:1)    : error:  redefined symbol "CMINUS" at Loc = 00031
conway.pal(82:1)    : error:  duplicate label "CMINUS" at Loc = 00032
conway.pal(82:1)    : error:  redefined symbol "CMINUS" at Loc = 00032
conway.pal(89:12)   : error:  illegal character at Loc = 00037
conway.pal(89:13)   : error:  illegal expression at Loc = 00037
conway.pal(92:12)   : error:  illegal character at Loc = 00043
conway.pal(92:13)   : error:  illegal expression at Loc = 00043
conway.pal(95:3)    : error:  illegal character at Loc = 00046
conway.pal(95:5)    : error:  illegal blank at Loc = 00046
conway.pal(95:6)    : error:  illegal expression at Loc = 00046
conway.pal(98:3)    : error:  illegal character at Loc = 00051
conway.pal(98:5)    : error:  illegal blank at Loc = 00051
conway.pal(98:6)    : error:  illegal expression at Loc = 00051
conway.pal(104:11)  : error:  illegal character at Loc = 00060
conway.pal(104:12)  : error:  illegal expression at Loc = 00060
conway.pal(105:11)  : error:  illegal character at Loc = 00061
conway.pal(105:12)  : error:  illegal expression at Loc = 00061
conway.pal(113:6)   : error:  illegal character at Loc = 00066
conway.pal(113:7)   : error:  illegal expression at Loc = 00066
conway.pal(127:1)   : error:  undefined symbol "WRAP" at Loc = 00101
conway.pal(127:6)   : error:  undefined symbol "ROW" at Loc = 00101
conway.pal(127:14)  : error:  undefined symbol "GRID" at Loc = 00101
conway.pal(127:18)  : error:  illegal character at Loc = 00102
conway.pal(127:19)  : error:  illegal expression at Loc = 00102
conway.pal(129:1)   : error:  undefined symbol "P" at Loc = 00104
conway.pal(129:3)   : error:  undefined symbol "ROW" at Loc = 00104
conway.pal(129:6)   : error:  illegal character at Loc = 00104
conway.pal(129:7)   : error:  illegal blank at Loc = 00104
conway.pal(129:8)   : error:  undefined symbol "CELL" at Loc = 00104
conway.pal(129:13)  : error:  undefined symbol "GRID" at Loc = 00104
conway.pal(129:17)  : error:  illegal character at Loc = 00104
conway.pal(129:18)  : error:  illegal blank at Loc = 00104
conway.pal(129:23)  : error:  undefined symbol "BOTTOM" at Loc = 00104
conway.pal(129:30)  : error:  undefined symbol "WRAP" at Loc = 00104
conway.pal(129:35)  : error:  undefined symbol "ROW" at Loc = 00104
conway.pal(129:38)  : error:  illegal expression at Loc = 00104
conway.pal(134:1)   : error:  undefined symbol "W" at Loc = 00107
conway.pal(134:3)   : error:  undefined symbol "PAIR" at Loc = 00107
conway.pal(134:7)   : error:  illegal character at Loc = 00110
conway.pal(134:8)   : error:  illegal expression at Loc = 00110
conway.pal(136:1)   : error:  undefined symbol "ID" at Loc = 00112
conway.pal(136:3)   : error:  illegal character at Loc = 00113
conway.pal(136:4)   : error:  illegal expression at Loc = 00113
conway.pal(138:1)   : error:  undefined symbol "AIR" at Loc = 00115
conway.pal(138:5)   : error:  undefined symbol "ROW" at Loc = 00115
conway.pal(138:8)   : error:  illegal character at Loc = 00116
conway.pal(138:9)   : error:  illegal expression at Loc = 00116
conway.pal(274:1)   : error:  duplicate label "SRCLRG" at Loc = 00454
conway.pal(274:1)   : error:  redefined symbol "SRCLRG" at Loc = 00454
conway.pal(358:1)   : error:  duplicate label "SRSHOW" at Loc = 00600
conway.pal(358:1)   : error:  redefined symbol "SRSHOW" at Loc = 00600
conway.pal(383:9)   : error:  illegal indirect "SRSHOW" at Loc = 00631
conway.pal(391:1)   : error:  duplicate label "SGLOOP" at Loc = 00641
conway.pal(391:1)   : error:  redefined symbol "SGLOOP" at Loc = 00641
conway.pal(412:1)   : error:  undefined symbol "S" at Loc = 00662
conway.pal(412:2)   : error:  illegal character at Loc = 00663
conway.pal(412:3)   : error:  illegal expression at Loc = 00663
conway.pal(466:1)   : error:  duplicate label "SRCELL" at Loc = 00741
conway.pal(466:1)   : error:  redefined symbol "SRCELL" at Loc = 00741
conway.pal(479:1)   : error:  undefined symbol "STANT" at Loc = 00753
conway.pal(479:6)   : error:  illegal expression at Loc = 00753
conway.pal(482:1)   : error:  duplicate label "SRCELL" at Loc = 00754
conway.pal(482:1)   : error:  redefined symbol "SRCELL" at Loc = 00754
conway.pal(508:1)   : error:  duplicate label "SRPROC" at Loc = 01000
conway.pal(508:1)   : error:  redefined symbol "SRPROC" at Loc = 01000
conway.pal(541:9)   : error:  illegal indirect "SRPROC" at Loc = 01041
conway.pal(566:1)   : error:  duplicate label "CGCLOO" at Loc = 01065
conway.pal(566:1)   : error:  redefined symbol "CGCLOO" at Loc = 01065
conway.pal(571:2)   : error:  undefined symbol "LO" at Loc = 01066
conway.pal(571:6)   : error:  undefined symbol "HALF" at Loc = 01066
conway.pal(571:10)  : error:  illegal expression at Loc = 01066
conway.pal(574:1)   : error:  duplicate label "SRCLON" at Loc = 01067
conway.pal(574:1)   : error:  redefined symbol "SRCLON" at Loc = 01067
conway.pal(759:1)   : error:  duplicate label "CMINUS" at Loc = 01355
conway.pal(759:1)   : error:  redefined symbol "CMINUS" at Loc = 01355

      93 detected errors
