
      / Test Shifts                                                       Page 1


    1             / Test Shifts
    2       7403  SCL=7403
    3       7411  NMI=7411
    4       7413  SHL=7413
    5       7415  ASR=7415
    6       7417  LSR=7417
    7       7441  SCA=7441
    8             
    9       0020  *20
   10 00020 0000  scares, 0  / Should be 0010
   11 00021 0000  nmi1, 0    / Should be 0003
   12 00022 0000        0 ; 0  / Should be 3456 7120
      00023 0000
   13 00024 0000  nmi2, 0    / All should be zero
   14 00025 0000      0 ; 0
      00026 0000
   15 00027 0000  nmi3, 0    / Should be 0000
   16 00030 0000      0 ; 0  / Should be 5432 1760
      00031 0000
   17 00032 0000  shl1, 0 ; 0  / Should be 1234 5670
      00033 0000
   18 00034 0000  lsr1, 0 ; 0  / Should be 0765 4321
      00035 0000
   19 00036 0000  asr1, 0 ; 0  / Should be 7765 4321
      00037 0000
   20 00040 0000  asr2, 0 ; 0 / Should be 0123 4567
      00041 0000
   21             
   22       0200  *200
   23 00200 7403      SCL ; 7767
      00201 7767
   24 00202 7641      CLA SCA
   25 00203 3020      DCA scares
   26             / NMI Test 1
   27 00204 1377      TAD (6712)
   28 00205 7421      MQL
   29 00206 1376      TAD (0345)
   30 00207 7411      NMI
   31 00210 3022      DCA nmi1+1
   32 00211 7501      MQA 
   33 00212 3023      DCA nmi1+2
   34 00213 7441      SCA
   35 00214 3021      DCA nmi1
   36             / NMI Test 2
   37 00215 7200      CLA
   38 00216 7421      MQL
   39 00217 7200      CLA
   40 00220 7411      NMI
   41 00221 3025      DCA nmi2+1
   42 00222 7501      MQA 
   43 00223 3026      DCA nmi2+2
   44 00224 7441      SCA
   45 00225 3024      DCA nmi2
   46             / NMI Test 3
   47 00226 1375      TAD (1760)
   48 00227 7421      MQL
   49 00230 1374      TAD (5432)

      / Test Shifts                                                       Page 2


   50 00231 7411      NMI
   51 00232 3030      DCA nmi3+1
   52 00233 7501      MQA 
   53 00234 3031      DCA nmi3+2
   54 00235 7441      SCA
   55 00236 3027      DCA nmi3
   56             / SHL Test
   57 00237 1373      TAD (4567)
   58 00240 7421      MQL
   59 00241 1372      TAD (0123)
   60 00242 7413      SHL ; 2 / To shift by 3
      00243 0002
   61 00244 3032      DCA shl1
   62 00245 7501      MQA 
   63 00246 3033      DCA shl1+1
   64             / LSR Test
   65 00247 1371      TAD (3210)
   66 00250 7421      MQL
   67 00251 1370      TAD (7654)
   68 00252 7417      LSR ; 2
      00253 0002
   69 00254 3034      DCA lsr1
   70 00255 7501      MQA 
   71 00256 3035      DCA lsr1+1
   72             / ASR Test 1
   73 00257 1371      TAD (3210)
   74 00260 7421      MQL
   75 00261 1370      TAD (7654)
   76 00262 7415      ASR ; 2
      00263 0002
   77 00264 3036      DCA asr1
   78 00265 7501      MQA 
   79 00266 3037      DCA asr1+1
   80             / ASR Test 2
   81 00267 1367      TAD (5670)
   82 00270 7421      MQL
   83 00271 1366      TAD (1234)
   84 00272 7415      ASR ; 2
      00273 0002
   85 00274 3040      DCA asr2
   86 00275 7501      MQA 
   87 00276 3041      DCA asr2+1
   88 00277 7402      HLT
      00366 1234
      00367 5670
      00370 7654
      00371 3210
      00372 0123
      00373 4567
      00374 5432
      00375 1760
      00376 0345
      00377 6712

      No detected errors
