68K GAS  S68K_008.s 			page 1


   1               	| S68K_008.s - Timer Interrupt test code
   2               	| Interrupt on timer and increment counter in memory
   3               	
   4               	CODE_START	= 0x001000	| Start of code
   5               	RAM_END		= 0x07FFFF	| 512KB SRAM
   6               	
   7               	|||||||||||||||||||||||||||||||||
   8               	| 68681 Duart Register Addresses
   9               	
  10               	DUART = 0x0F0000	  | Base Addr of DUART
  11               	MRA   = 0	| Mode Register A           (R/W)
  12               	SRA   = 2   | Status Register A         (r)
  13               	CSRA  = 2   | Clock Select Register A   (w)
  14               	CRA   = 4   | Command Register A        (w)
  15               	RBA   = 6   | Receiver Buffer A         (r)
  16               	TBA   = 6   | Transmitter Buffer A      (w)
  17               	ACR   = 8   | Aux. Control Register     (R/W)
  18               	ISR   = 10  | Interrupt Status Register (R)
  19               	IMR   = 10  | Interrupt Mask Register   (W)
  20               	CTU   = 12	| Counter Timer Upper		(R/W)
  21               	CTL   = 14	| Counter Timer Lower		(R/W)
  22               	MRB   = 16  | Mode Register B           (R/W)
  23               	SRB   = 18  | Status Register B         (R)
  24               	CSRB  = 18  | Clock Select Register B   (W)
  25               	CRB   = 20  | Command Register B        (W)
  26               	RBB   = 22  | Reciever Buffer B         (R)
  27               	TBB   = 22  | Transmitter Buffer B      (W)
  28               	IVR   = 24  | Interrupt Vector Register (R/W)
  29               	OPC   = 26  | Output port config        (W)
  30               	INU   = 26  | Input port (unlatched)    (R)
  31               	OPS   = 28  | Output port Set           (W)
  32               	STC   = 28  | Start Counter             (R)
  33               	OPR   = 30  | Output port Clear         (W)
  34               	SPC   = 30  | Stop Counter	            (R)
  35               	
  36               	DUART_Vect = 0x100
  37               	DUART_VR = DUART_Vect / 4
  38               	BIG_CTR = 0x604
  39               	INTRTN = 0x1200
  40               	UP60HZ = 0x07
  41               	LO60HZ = 0x80
  42               	
  43 0000 0000 0000 		.ORG	CODE_START
  43      0000 0000 
  43      0000 0000 
  43      0000 0000 
  43      0000 0000 
  44 1000 48E7 80C0 	    movem.l %d0/%a0-%a1, -(%SP)	| Save changed registers
  45 1004 007C 0700 		ori.w	#0x0700, %sr		| Disable interrupts
  46 1008 21FC 0000 		move.l	#0x0, BIG_CTR		| Clear the big counter
  46      0000 0604 
  47               		| Fill the interrupt vector table entry for DUART interrupt
  48 1010 207C 0000 		movea.l	#DUART_Vect, %a0
  48      0100 
  49 1016 203C 0000 		move.l	#INTRTN, %d0
  49      1200 
  50 101c 2080      		move.l	%d0, (%a0)
68K GAS  S68K_008.s 			page 2


  51 101e 103C 0040 		move.b 	#DUART_VR, %d0
  52               		| Set DUART interrupt vector
  53 1022 207C 000F 		movea.l	#DUART, %a0			| DUART base address
  53      0000 
  54 1028 1140 0018 		move.b	%d0, IVR(%a0)		| Interrupt Vector Register
  55 102c 1028 0008 		move.b	ACR(%a0), %d0		| Read ACR
  56 1030 0200 008F 		andi.b	#0x8f, %d0			| Mask ACR bits
  57 1034 0000 0070 		ori.b	#0x70, %d0			| Timer mode using XTAL X1, X2 dive by 16
  58 1038 1140 0008 		move.b	%d0, ACR(%a0)		| Write back ACR
  59 103c 117C 0007 		move.b	#UP60HZ, CTU(%a0)	| Write Timer Upper
  59      000C 
  60 1042 117C 0080 		move.b	#LO60HZ, CTL(%a0)	| Write Timer Lower
  60      000E 
  61 1048 1028 001C 		move.b	STC(%a0), %d0		| Start Counter
  62               		| Set DUART interrupt mask to enable Counter/Timer interrupt
  63 104c 117C 0008 		move.b	#0x08, IMR(%a0)		| Interrupt Mask Register
  63      000A 
  64 1052 027C F8FF 		andi.w	#0xF8FF, %sr		| Enable interrupts
  65 1056 4CDF 0301 	    movem.l (%SP)+, %d0/%a0-%a1	| Restore registers
  66 105a 4E75      		rts
  67               		
  68 105c 0000 0000 		.ORG	INTRTN
  68      0000 0000 
  68      0000 0000 
  68      0000 0000 
  68      0000 0000 
  69               	IntLev2:
  70 1200 48E7 8080 	    movem.l %d0/%a0, -(%SP)     | Save changed registers
  71 1204 207C 000F 		movea.l	#DUART, %a0			| DUART base address
  71      0000 
  72 120a 1028 001E 		move.b	SPC(%a0), %d0		| Stop Counter with dummy read clears int
  73 120e 1028 001C 		move.b	STC(%a0), %d0		| Start Counter with dummy read enables int
  74 1212 06B8 0000 		addi.l	#1, BIG_CTR			| Increment the big counter
  74      0001 0604 
  75               	|	move.b	#0x08, IMR(%a0)		| Interrupt Mask Register
  76 121a 4CDF 0101 	    movem.l (%SP)+, %d0/%a0		| Restore registers
  77 121e 4E73      		rte
68K GAS  S68K_008.s 			page 3


DEFINED SYMBOLS
          S68K_008.s:4      *ABS*:0000000000001000 CODE_START
          S68K_008.s:5      *ABS*:000000000007ffff RAM_END
          S68K_008.s:10     *ABS*:00000000000f0000 DUART
          S68K_008.s:11     *ABS*:0000000000000000 MRA
          S68K_008.s:12     *ABS*:0000000000000002 SRA
          S68K_008.s:13     *ABS*:0000000000000002 CSRA
          S68K_008.s:14     *ABS*:0000000000000004 CRA
          S68K_008.s:15     *ABS*:0000000000000006 RBA
          S68K_008.s:16     *ABS*:0000000000000006 TBA
          S68K_008.s:17     *ABS*:0000000000000008 ACR
          S68K_008.s:18     *ABS*:000000000000000a ISR
          S68K_008.s:19     *ABS*:000000000000000a IMR
          S68K_008.s:20     *ABS*:000000000000000c CTU
          S68K_008.s:21     *ABS*:000000000000000e CTL
          S68K_008.s:22     *ABS*:0000000000000010 MRB
          S68K_008.s:23     *ABS*:0000000000000012 SRB
          S68K_008.s:24     *ABS*:0000000000000012 CSRB
          S68K_008.s:25     *ABS*:0000000000000014 CRB
          S68K_008.s:26     *ABS*:0000000000000016 RBB
          S68K_008.s:27     *ABS*:0000000000000016 TBB
          S68K_008.s:28     *ABS*:0000000000000018 IVR
          S68K_008.s:29     *ABS*:000000000000001a OPC
          S68K_008.s:30     *ABS*:000000000000001a INU
          S68K_008.s:31     *ABS*:000000000000001c OPS
          S68K_008.s:32     *ABS*:000000000000001c STC
          S68K_008.s:33     *ABS*:000000000000001e OPR
          S68K_008.s:34     *ABS*:000000000000001e SPC
          S68K_008.s:36     *ABS*:0000000000000100 DUART_Vect
          S68K_008.s:37     *ABS*:0000000000000040 DUART_VR
          S68K_008.s:38     *ABS*:0000000000000604 BIG_CTR
          S68K_008.s:39     *ABS*:0000000000001200 INTRTN
          S68K_008.s:40     *ABS*:0000000000000007 UP60HZ
          S68K_008.s:41     *ABS*:0000000000000080 LO60HZ
          S68K_008.s:69     .text:0000000000001200 IntLev2

NO UNDEFINED SYMBOLS
