68K GAS  S68K_002.s 			page 1


   1               	| S68K_002.s - 68K Monitor with extensions
   2               	|	Adds S Record loader
   3               	| Land Boards, LLC
   4               	|	(c) 2024
   5               	| Use it however you want
   6               	| Borrowed init code from 
   7               	|  https://raw.githubusercontent.com/ChartreuseK/68k-Monitor/master/Monitor-Simple.x68
   8               	|
   9               	| Added S-Record load code
  10               	|	Uses SRAM from 0x400-0x407
  11               	
  12               	RAM_START	= 0x00000	| Beginning of the SRAM
  13               	STACK_END	= 0x7FFFC	| Has to be on a word boundary
  14               	RAM_END		= 0x7FFFF	| 512KB SRAM
  15               	ROM_START	= 0x80000	| ROM start
  16               	ROM_CODE	= ROM_START+1024| Skip vector table
  17               	|ROM_END	= 0x87FFF	| End of 32KB EPROM
  18               	ROM_END		= 0x8FFFF	| End of 64KB EPROM
  19               	
  20               	DUART_Vect = 0x100
  21               	DUART_VR = DUART_Vect / 4
  22               	BIG_CTR = 0x408
  23               	INTRTN = 0x83F00
  24               	UP60HZ = 0x07
  25               	LO60HZ = 0x80
  26               	
  27               	|||||||||||||||||||||||||||||||||
  28               	| 68681 Duart Register Addresses
  29               	|
  30               	DUART = 0x0F0000	  | Base Addr of DUART
  31               	MRA   = DUART+0		  | Mode Register A           (R/W)
  32               	SRA   = DUART+2       | Status Register A         (r)
  33               	CSRA  = DUART+2       | Clock Select Register A   (w)
  34               	CRA   = DUART+4       | Commands Register A       (w)
  35               	RBA   = DUART+6       | Receiver Buffer A         (r)
  36               	TBA   = DUART+6       | Transmitter Buffer A      (w)
  37               	ACR   = DUART+8       | Aux. Control Register     (R/W)
  38               	ISR   = DUART+10      | Interrupt Status Register (R)
  39               	IMR   = DUART+10      | Interrupt Mask Register   (W)
  40               	MRB   = DUART+16      | Mode Register B           (R/W)
  41               	SRB   = DUART+18      | Status Register B         (R)
  42               	CSRB  = DUART+18      | Clock Select Register B   (W)
  43               	CRB   = DUART+20      | Commands Register B       (W)
  44               	RBB   = DUART+22      | Reciever Buffer B         (R)
  45               	TBB   = DUART+22      | Transmitter Buffer B      (W)
  46               	IVR   = DUART+24      | Interrupt Vector Register (R/W)
  47               	OPC   = DUART+26      | Output port config        (W)
  48               	INU   = DUART+26      | Input port (unlatched)    (R)
  49               	OPS   = DUART+28      | Output port Set           (W)
  50               	OPR   = DUART+30      | Output port Clear         (W)
  51               	
  52               	||||||||||||||||||||||||||||||||||
  53               	| ASCII Control Characters
  54               	|
  55               	BEL   = 0x07
  56               	BKSP  = 0x08       | CTRL-H
  57               	TAB   = 0x09
68K GAS  S68K_002.s 			page 2


  58               	LF    = 0x0A
  59               	CR    = 0x0D
  60               	ESC   = 0x1B
  61               	EOT	  = 0x00
  62               	
  63               	CTRLC	=	0x03
  64               	CTRLX	=	0x18     | Line Clear
  65               	
  66 0000 0000 0000 		.ORG    0x000400
  66      0000 0000 
  66      0000 0000 
  66      0000 0000 
  66      0000 0000 
  67 0400 00        	_srecType:	ds.b	1		| S1-S9 stored as binary 1-9
  68 0401 00        	_srecByCt:	ds.b	1		| Byte Count
  69 0402 00        	_srecData:	ds.b	1 		| Data
  70 0403 00        	_srecCSum:	ds.b	1 		| S-Record Checksum
  71 0404 0000 0000 	_srecAddr:	ds.l	1		| S Record current byte address
  72 0408 0000 0000 	_timerCt:	ds.l	1		| 60 Hz Timer counts from when code starts
  73               	
  74               	srecType	=		0x000400	| S1-S9 stored as binary 1-9
  75               	srecByCt	=		0x000401	| Byte Count
  76               	srecData	=		0x000402	| Data
  77               	srecCSum	=		0x000403	| S-Record Checksum
  78               	srecAddr	=		0x000404	| S Record current byte address
  79               	
  80 040c 0000 0000 		.ORG	ROM_START
  80      0000 0000 
  80      0000 0000 
  80      0000 0000 
  80      0000 0000 
  81               	
  82               	| FIRST 8 bytes loaded after reset |
  83 80000 0007 FFFC 	    DC.l    STACK_END | Supervisor stack pointer
  84 80004 0008 0400 	    DC.l    ROM_CODE	| Initial PC
  85               	
  86 80008 0000 0000 	        .ORG ROM_CODE
  86      0000 0000 
  86      0000 0000 
  86      0000 0000 
  86      0000 0000 
  87 80400 4E71      		nop
  88 80402 4FF9 0007 		lea		STACK_END, %sp
  88      FFFC 
  89 80408 4DF9 0007 		lea		STACK_END-128, %fp	| Plenty of room for the monitor's stack
  89      FF7C 
  90               									| Need frame pointer for running C code
  91 8040e 13FC 00FF 		move.b	#0xFF, 0x080000		| Set swap bit so SRAM works
  91      0008 0000 
  92 80416 4E71      		nop
  93               	| LEDs
  94 80418 13FC 0000 		move.b	#0x00, OPC		| Output port configuration (all bit are outs)
  94      000F 001A 
  95 80420 13FC 00FC 		move.b	#0xFC, OPR		| Clear all outputs
  95      000F 001E 
  96 80428 13FC 0004 		move.b	#0x04, OPS		| Turn off LED on DUART O2
  96      000F 001C 
68K GAS  S68K_002.s 			page 3


  97               	|
  98               	| Test the first two SRAM location
  99               	|
 100 80430 203C DEAD 		move.l	#0xDEADBEEF, %d0		| Test Pattern #1
 100      BEEF 
 101 80436 307C 0000 		move		#0x00000000, %a0	| First address of SRAM
 102 8043a 2080      		move.l	%d0, (%a0)				| Write out test pattern to SRAM
 103 8043c 2410      		move.l	(%a0), %d2				| Read first SRAM pattern into d2
 104 8043e B042      		cmp			%d2, %d0
 105 80440 6600 011A 		bne			FERVR2						
 106 80444 223C 5555 		move.l	#0x5555AAAA, %d1	| Test Pattern #2
 106      AAAA 
 107 8044a 327C 0004 		move		#0x00000004, %a1	| Second long address of SRAM
 108 8044e 2281      		move.l	%d1, (%a1)				| Write out test pattern to SRAM
 109 80450 2611      		move.l	(%a1), %d3				| Read back
 110 80452 B243      		cmp			%d3, %d1
 111 80454 6600 0106 		bne			FERVR2
 112 80458 4E71      		nop
 113               	| Test bits of first location (as bytes)
 114 8045a 7001      		move.l	#1, %d0
 115 8045c 207C 0000 		move.l	#0, %a0
 115      0000 
 116               	loop1stLoc:
 117 80462 1080      		move.b	%d0, (%a0)
 118 80464 1210      		move.b	(%a0), %d1
 119 80466 B200      		cmp.b		%d0, %d1
 120 80468 6600 00F2 		bne			failBitTest
 121 8046c E348      		lsl			#1, %d0
 122 8046e 0C80 0000 		cmp.l		#0x00000100, %d0
 122      0100 
 123 80474 6600 FFEC 		bne			loop1stLoc
 124               	|
 125               	| Test all address lines, 512KB SRAM
 126               	| Write incrementing pattern to data bits
 127               	|
 128 80478 7001      		move.l	#1, %d0		| Fill pattern
 129 8047a 7401      		move.l	#1, %d2
 130 8047c 207C 0000 		move.l	#1, %a0		| Start address 1 (already tested addr 0)
 130      0001 
 131               	loopAdrFill:
 132 80482 1080      		move.b	%d0,(%a0)	| Do the write
 133 80484 5240      		addq		#1, %d0		| Increment the pattern
 134 80486 2408      		move.l	%a0, %d2	| Copy a0 to d2 for shift
 135 80488 E38A      		lsl.l		#1, %d2		| Shift temp addr
 136 8048a 2042      		move.l	%d2, %a0	| Put back into addr reg
 137 8048c 0C82 0008 		cmp.l		#0x00080000,%d2
 137      0000 
 138 80492 6600 FFEE 		bne			loopAdrFill
 139               	| Check
 140 80496 7001      		move.l	#1, %d0
 141 80498 7401      		move.l	#1, %d2
 142 8049a 207C 0000 		move.l	#1, %a0
 142      0001 
 143               	loopAdrCk:
 144 804a0 1210      		move.b	(%a0), %d1	| Do the read (as a byte)
 145 804a2 B200      		cmp.b		%d0, %d1
 146 804a4 6600 00B6 		bne			failAdrTest
68K GAS  S68K_002.s 			page 4


 147 804a8 5240      		addq		#1, %d0
 148 804aa 2408      		move.l	%a0, %d2 
 149 804ac E38A      		lsl.l		#1, %d2
 150 804ae 2042      		move.l	%d2, %a0
 151 804b0 0C82 0008 		cmp.l		#0x00080000,%d2
 151      0000 
 152 804b6 6600 FFE8 		bne			loopAdrCk
 153               		
 154               	|
 155               	| Fill SRAM with 0x00 values
 156               	| 512KB fill takes about 2.5 seconds at 10 MHz CPU speed
 157               	|
 158               	fillSRAM:
 159 804ba 41F8 0000 		lea		RAM_START, %a0		| Start at base RAM address
 160 804be 43F9 0007 		lea		RAM_END, %a1		| End when reach end RAM space
 160      FFFF 
 161 804c4 7000      		move.l	#0x00, %d0			| Fill with zeros
 162               	fillSRAMLoop:
 163 804c6 20C0      		move.l	%d0, (%a0)+			| Long fills are faster
 164 804c8 B3C8      		cmpa.l	%a0, %a1
 165 804ca 6E00 FFFA 		bgt		fillSRAMLoop
 166               	
 167               	|
 168               	| Done with address test of SRAM
 169               	|
 170 804ce 4EBA 060E 		jsr     initDuart       	| Setup the serial port
 171               	monitorStart:					| Warm start
 172 804d2 41FA 06F9 		lea		BANNER_MSG, %a0
 173 804d6 4EBA 00B2 		jsr		printString1
 174 804da 41FA 06DC 		lea		RAM_PASS_MSG, %a0
 175 804de 4EBA 00AA 		jsr		printString1
 176               	
 177               	| Set up the Timer Interrupt routine
 178               	|    movem.l %d0/%a0-%a1, -(%SP)	| Save changed registers
 179 804e2 007C 0700 		ori.w	#0x0700, %sr		| Disable interrupts
 180 804e6 21FC 0000 		move.l	#0x0, BIG_CTR		| Clear the big counter
 180      0000 0408 
 181               		| Fill the interrupt vector table entry for DUART interrupt
 182 804ee 207C 0000 		movea.l	#DUART_Vect, %a0
 182      0100 
 183 804f4 203C 0008 		move.l	#INTRTN, %d0
 183      3F00 
 184 804fa 2080      		move.l	%d0, (%a0)
 185 804fc 103C 0040 		move.b 	#DUART_VR, %d0
 186               		| Set DUART interrupt vector
 187 80500 207C 000F 		movea.l	#DUART, %a0			| DUART base address
 187      0000 
 188 80506 1140 0018 		move.b	%d0, 24(%a0)		| Interrupt Vector Register
 189 8050a 1028 0008 		move.b	8(%a0), %d0			| Read ACR
 190 8050e 0200 008F 		andi.b	#0x8f, %d0			| Mask ACR bits
 191 80512 0000 0070 		ori.b	#0x70, %d0			| Timer mode using XTAL X1, X2 dive by 16
 192 80516 1140 0008 		move.b	%d0, 8(%a0)			| Write back ACR
 193 8051a 117C 0007 		move.b	#UP60HZ, 12(%a0)	| Write Timer Upper
 193      000C 
 194 80520 117C 0080 		move.b	#LO60HZ, 14(%a0)	| Write Timer Lower
 194      000E 
 195 80526 1028 001C 		move.b	28(%a0), %d0		| Start Counter
68K GAS  S68K_002.s 			page 5


 196               		| Set DUART interrupt mask to enable Counter/Timer interrupt
 197 8052a 117C 0008 		move.b	#0x08, 10(%a0)		| Interrupt Mask Register
 197      000A 
 198 80530 027C F8FF 		andi.w	#0xF8FF, %sr		| Enable interrupts
 199               	 |   movem.l (%SP)+, %d0/%a0-%a1	| Restore registers
 200 80534 4E75      		rts
 201               	
 202               	|
 203               	| Interpreter Loop
 204               	|
 205               	interpLoop:
 206 80536 41FA 0743 	    lea     msgPrompt, %a0	| Prompt
 207 8053a 6100 004E 	    bsr.w   printString
 208 8053e 13FC 0004 		move.b	#0x04, OPR		| Turn on LED
 208      000F 001E 
 209 80546 4EBA 0074 		jsr		readLine		| Blocking read of line
 210 8054a 13FC 0004 		move.b	#0x04, OPS		| Turn off LED
 210      000F 001C 
 211 80552 4EBA 00FA 		jsr		lineToUpper
 212 80556 4EBA 0114 		jsr		parseLine
 213 8055a 60DA      		bra.s	interpLoop
 214               		
 215               	failBitTest:
 216               	failAdrTest:
 217               	FERVR2:
 218 8055c 4E71      		nop
 219 8055e 4EFA FFFC 		jmp	FERVR2
 220               	
 221               	|||||
 222               	| Writes a character to Port A, blocking if not ready (Full buffer)
 223               	|  - Takes a character in D0
 224               	outChar1:
 225               	outChar:
 226 80562 0839 0002 	    btst    #2, SRA      | Check if transmitter ready bit is set
 226      000F 0002 
 227 8056a 6700 FFF6 	    beq     outChar1     
 228 8056e 13C0 000F 	    move.b  %d0, TBA      | Transmit Character
 228      0006 
 229 80574 4E75      	    rts
 230               	
 231               	| Writes a character to Port A, blocking if not ready (Full buffer)
 232               	|  - Takes a character in D0
 233               	outChar2:
 234 80576 0839 0002 	    btst    #2, SRB      | Check if transmitter ready bit is set
 234      000F 0012 
 235 8057e 6700 FFF6 	    beq     outChar2     
 236 80582 13C0 000F 	    move.b  %d0, TBB      | Transmit Character
 236      0016 
 237 80588 4E75      	    rts
 238               	
 239               	******
 240               	* Print a null terminated string
 241               	*
 242               	printString1:
 243               	printString:
 244               	PSloop:
 245 8058a 1018      	    move.b  (%a0)+, %d0  | Read in character
68K GAS  S68K_002.s 			page 6


 246 8058c 6704      	    beq.s   PSend         | Check for the null
 247               	    
 248 8058e 61D2      	    bsr.s   outChar      | Otherwise write the character
 249 80590 60F8      	    bra.s   PSloop        | And continue
 250               	PSend:
 251 80592 4E75      	    rts
 252               	
 253               	
 254               	|||||
 255               	| Reads in a character from Port A, blocking if none available
 256               	|  - Returns character in D0
 257               	|    
 258               	inChar1:
 259               	inChar:
 260 80594 0839 0000 	    btst    #0,  SRA	| Check if receiver ready bit is set
 260      000F 0002 
 261 8059c 6700 FFF6 	    beq     inChar1
 262 805a0 1039 000F 	    move.b  RBA, %d0	| Read Character into D0
 262      0006 
 263 805a6 4E75      	    rts
 264               	
 265               	inChar2:
 266 805a8 0839 0000 	    btst    #0,  SRB	| Check if receiver ready bit is set
 266      000F 0012 
 267 805b0 6700 FFF6 	    beq     inChar2
 268 805b4 1039 000F 	    move.b  RBB, %d0	| Read Character into D0
 268      0016 
 269 805ba 4E75      	    rts
 270               	
 271               	| Read in a line into the line buffer
 272               	readLine:
 273 805bc 48E7 2020 	    movem.l %d2/%a2, -(%SP)     | Save changed registers
 274 805c0 45F9 0007 	    lea     varLineBuf, %a2   	| Start of the lineBuffer
 274      FBAE 
 275 805c6 B542      	    eor.w   %d2, %d2           	| Clear the character counter
 276               	 RLloop:
 277 805c8 6100 FFCA 	    bsr.w   inChar           	| Read a character from the serial port
 278 805cc 0C00 0008 	    cmp.b   #BKSP, %d0        	| Is it a backspace?
 279 805d0 6722      	    beq.s   RLBS
 280 805d2 0C00 0018 	    cmp.b   #CTRLX, %d0       	| Is it Ctrl-H (Line Clear)?
 281 805d6 673A      	    beq.s   RLlineClr
 282 805d8 0C00 000D 	    cmp.b   #CR, %d0          	| Is it a carriage return?
 283 805dc 6758      	    beq.s   RLEndLn
 284 805de 0C00 000A 	    cmp.b   #LF, %d0          	| Is it anything else but a LF?
 285 805e2 67E4      	    beq.s   RLloop            	| Ignore LFs and get the next character
 286               	 .char:                      	| Normal character to be inserted into the buffer
 287 805e4 0C42 0050 	    cmp.w   #MAX_LINE_LENGTH, %d2
 288 805e8 6CDE      	    bge.s   RLloop            	| If the buffer is full ignore the character
 289 805ea 14C0      	    move.b  %d0, (%a2)+        	| Otherwise store the character
 290 805ec 5242      	    addq.w  #1, %d2           	| Increment character count
 291 805ee 6100 FF72 	    bsr.w   outChar          	| Echo the character
 292 805f2 60D4      	    bra.s   RLloop            	| And get the next one
 293               	 RLBS:
 294 805f4 4A42      	    tst.w   %d2               	| Are we at the beginning of the line?
 295 805f6 67D0      	    beq.s   RLloop            	| Then ignore it
 296 805f8 6100 FF68 	    bsr.w   outChar          	| Backspace
 297 805fc 103C 0020 	    move.b  #' ', %d0
68K GAS  S68K_002.s 			page 7


 298 80600 6100 FF60 	    bsr.w   outChar          	| Space
 299 80604 103C 0008 	    move.b  #BKSP, %d0
 300 80608 6100 FF58 	    bsr.w   outChar          	| Backspace
 301 8060c 538A      	    subq.l  #1, %a2           	| Move back in the buffer
 302 8060e 5382      	    subq.l  #1, %d2           	| And current character count
 303 80610 60B6      	    bra.s   RLloop            	| And goto the next character
 304               	 RLlineClr:
 305 80612 4A42      	    tst     %d2               	| Anything to clear?
 306 80614 67B2      	    beq.s   RLloop            	| If not, fetch the next character
 307 80616 95C2      	    suba.l  %d2, %a2           	| Return to the start of the buffer
 308               	 RLlineClrloop:
 309 80618 103C 0008 	    move.b  #BKSP, %d0
 310 8061c 6100 FF44 	    bsr.w   outChar          	| Backspace
 311 80620 103C 0020 	    move.b  #' ', %d0
 312 80624 6100 FF3C 	    bsr.w   outChar          	| Space
 313 80628 103C 0008 	    move.b  #BKSP, %d0
 314 8062c 6100 FF34 	    bsr.w   outChar          	| Backspace
 315 80630 5342      	    subq.w  #1, %d2          
 316 80632 66E4      	    bne.s   RLlineClrloop   	| Go till the start of the line
 317 80634 6092      	    bra.s   RLloop   
 318               	 RLEndLn:
 319 80636 6100 FF2A 	    bsr.w   outChar          	| Echo the CR
 320 8063a 103C 000A 	    move.b  #LF, %d0
 321 8063e 6100 FF22 	    bsr.w   outChar          	| Line feed to be safe
 322 80642 14BC 0000 	    move.b  #0, (%a2)         	| Terminate the line (Buffer is longer than max to allow this at ful
 323 80646 204A      	    movea.l %a2, %a0           	| Ready the pointer to return (if needed)
 324 80648 4CDF 0404 	    movem.l (%SP)+, %d2/%a2     | Restore registers
 325 8064c 4E75      	    rts                      	| And return
 326               	
 327               	
 328               	| Convert line buffer to upper case
 329               	lineToUpper:
 330 8064e 41F9 0007 	    lea     varLineBuf, %a0   | Get the start of the line buffer
 330      FBAE 
 331               	 LUloop:
 332 80654 1010      	    move.b  (%a0), %d0        | Read in a character
 333 80656 0C00 0061 	    cmp.b   #'a', %d0         
 334 8065a 6D0A      	    blt.s   LUnext            | Is it less than lower-case 'a', then move on
 335 8065c 0C00 007A 	    cmp.b   #'z', %d0
 336 80660 6E04      	    bgt.s   LUnext            | Is it greater than lower-case 'z', then move on
 337 80662 0400 0020 	    sub.b   #0x20, %d0         | Then convert a to A, b to B, etc.
 338               	 LUnext:
 339 80666 10C0      	    move.b  %d0, (%a0)+       | Store the character back into a0, and move to the next
 340 80668 66EA      	    bne.s   LUloop             | Keep going till we hit a null terminator
 341 8066a 4E75      	    rts
 342               	
 343               	|
 344               	| Parse Line
 345               	|
 346               	parseLine:
 347 8066c 48E7 0030 	    movem.l %a2-%a3, -(%SP)     | Save registers
 348 80670 41F9 0007 	    lea     varLineBuf, %a0
 348      FBAE 
 349               	 PLfindCommand:
 350 80676 1018      	    move.b  (%a0)+, %d0
 351 80678 0C00 0020 	    cmp.b   #' ', %d0           | Ignore spaces
 352 8067c 6700 FFF8 	    beq.w   PLfindCommand    
68K GAS  S68K_002.s 			page 8


 353 80680 0C00 0045 	    cmp.b   #'E', %d0           | Examine command
 354 80684 6700 0062 	    beq.w   .examine
 355 80688 0C00 0044 	    cmp.b   #'D', %d0           | Deposit command
 356 8068c 6700 0372 	    beq.w   .deposit
 357 80690 0C00 0052 	    cmp.b   #'R', %d0           | Run command
 358 80694 6700 03CE 	    beq.w   .run
 359 80698 0C00 0048 	    cmp.b   #'H', %d0           | Help command
 360 8069c 6700 0026 	    beq.w   .help
 361 806a0 0C00 004C 	    cmp.b   #'L', %d0           | Help command
 362 806a4 6700 00DE 	    beq.w   loadSRec
 363 806a8 0C00 0042 		cmp.b	#'B', %d0           | BASIC
 364 806ac 6700 00C4 		beq		.runBASIC
 365 806b0 0C00 0000 	    cmp.b   #0, %d0             | Ignore blank lines
 366 806b4 6708      	    beq.s   .exit               
 367               	 .invalid:   
 368 806b6 41FA 052E 	    lea     msgInvalidCommand, %a0
 369 806ba 6100 FECE 	    bsr.w   printString
 370               	 .exit:
 371 806be 4CDF 0C00 	    movem.l (%SP)+, %a2-%a3     | Restore registers
 372 806c2 4E75      	    rts
 373               	
 374               	
 375               	|||||||||||||||||||||||||||||||
 376               	|| HELP command
 377               	 .help:
 378 806c4 41FA 0535 	    lea     msgHelp, %a0
 379 806c8 6100 FEC0 	    bsr.w   printString
 380 806cc 6000 FFF0 	    bra.w   .exit
 381               	 .invalidAddr:
 382 806d0 41FA 0587 	    lea     msgInvalidAddress, %a0
 383 806d4 6100 FEB4 	    bsr.w   printString
 384 806d8 6000 FFE4 	    bra.w   .exit
 385               	 .invalidVal:
 386 806dc 41FA 058D 	    lea     msgInvalidValue, %a0
 387 806e0 6100 FEA8 	    bsr.w   printString
 388 806e4 6000 FFD8 	    bra.w   .exit
 389               		
 390               	|||||||||||||||||||||||||||||||
 391               	| Examines memory addresses
 392               	| Valid modes:
 393               	|   e ADDR                  Displays a single byte
 394               	|   e ADDR-ADDR             Dispalys all bytes between the two addresses
 395               	|   e ADDR+LEN              Dispays LEN bytes after ADDR
 396               	|   e ADDR;                 Interactive mode, space shows 16 lines, enter shows 1.
 397               	|   e ADDR.                 Quick line, displays one line 
 398               	.examine:
 399 806e8 6100 021A 	    bsr.w   parseNumber         | Read in the start address
 400 806ec 4A01      	    tst.b   %d1                 | Make sure it's valid (parseNumber returns non-zero in d1 for fail
 401 806ee 6600 FFE0 	    bne.w   .invalidAddr        
 402 806f2 2640      	    move.l  %d0, %a3            | Save the start address
 403               	 .exloop:
 404 806f4 1018      	    move.b  (%a0)+, %d0
 405 806f6 0C00 0020 	    cmp.b   #' ', %d0           | Ignore spaces
 406 806fa 67F8      	    beq.s   .exloop
 407 806fc 0C00 002D 	    cmp.b   #'-', %d0           | Check if it's a range specifier
 408 80700 6716      	    beq.s   .exrange
 409 80702 0C00 002B 	    cmp.b   #'+', %d0           | Check if it's a length specifier
68K GAS  S68K_002.s 			page 9


 410 80706 6722      	    beq.s   .exlength
 411 80708 0C00 003B 	    cmp.b   #';', %d0           | Check if we're going interactive
 412 8070c 672E      	    beq.s   .exinter
 413 8070e 0C00 002E 	    cmp.b   #'.', %d0           | Check if quick 16 
 414 80712 6712      	    beq.s   .exquick
 415 80714 7001      	    move.l  #1, %d0             | Otherwise read in a single byte
 416 80716 601C      	    bra.s   .exend              
 417               	 .exrange:
 418 80718 6100 01EA 	    bsr.w   parseNumber         | Find the end address
 419 8071c 4A01      	    tst.b   %d1                 | Check if we found a valid address
 420 8071e 6600 FFB0 	    bne.w   .invalidAddr
 421 80722 908B      	    sub.l   %a3, %d0            | Get the length
 422 80724 600E      	    bra.s   .exend
 423               	 .exquick:                      | Quick mode means show one line of 16 bytes
 424 80726 7010      	    move.l  #0x10, %d0
 425 80728 600A      	    bra.s   .exend
 426               	 .exlength:                     | Length mode means a length is specified
 427 8072a 6100 01D8 	    bsr.w   parseNumber         | Find the length
 428 8072e 4A01      	    tst.b   %d1
 429 80730 6600 FF9E 	    bne.w   .invalidAddr
 430               	 .exend:                        | Done parsing, give the parameters to dumpRAM and exit
 431 80734 204B      	    move.l  %a3, %a0
 432 80736 6100 022E 	    bsr.w   dumpRAM
 433 8073a 6082      	    bra.s   .exit
 434               	 .exinter:                      | Interactive mode, Space shows 16 lines, enter shows 1.
 435 8073c 204B      	    move.l  %a3, %a0            | Current Address
 436 8073e 7010      	    move.l  #0x10, %d0          | 16 bytes
 437 80740 6100 0224 	    bsr.w   dumpRAM             | Dump this line
 438 80744 D7FC 0000 	    add.l   #0x10, %a3          | Move up the current address 16 bytes
 438      0010 
 439               	 .exinterend:
 440 8074a 6100 FE48 	    bsr.w   inChar
 441 8074e 0C00 000D 	    cmp.b   #CR, %d0            | Display another line
 442 80752 67E8      	    beq.s   .exinter
 443 80754 0C00 0020 	    cmp.b   #' ', %d0           | Display a page (256 bytes at a time)
 444 80758 6704      	    beq.s   .exinterpage
 445 8075a 6000 FF62 	    bra	   .exit               | Otherwise exit
 446               	 .exinterpage:
 447 8075e 204B      	    move.l  %a3, %a0
 448 80760 203C 0000 	    move.l  #0x100, %d0         | 256 bytes
 448      0100 
 449 80766 6100 01FE 	    bsr.w   dumpRAM             | Dump 16 lines of RAM
 450 8076a D7FC 0000 	    add.l   #0x100, %a3         | Move up the current address by 256
 450      0100 
 451 80770 60D8      	    bra.s   .exinterend
 452               	
 453               	BasicStart = 0x84800
 454               	.runBASIC:
 455 80772 41F9 0008 		lea		BasicStart, %a0
 455      4800 
 456 80778 3010      		move.w	(%a0),%d0
 457 8077a 0C40 6056 		cmp.w	#0x6056, %d0
 458 8077e 6602      		bne.s	skipBasic			| Not supported
 459 80780 4E90      		jsr		(%a0)
 460               	skipBasic:
 461 80782 4E75      		rts
 462               	
68K GAS  S68K_002.s 			page 10


 463               	|||||||||||||||||||||||||||||
 464               	|| Load S Record
 465               	|	srecType:	ds.b	1		| S1-S9 stored as binary 1-9
 466               	|	srecByCt:	ds.b	1		| Byte Count
 467               	|	srecData:	ds.b	1 		| Data
 468               	|	srecCSum:	ds.b	1 		| S-Record Checksum
 469               	|	srecAddr:	ds.l	1		| S Record current byte address
 470               	|
 471               	| Supports S record types (matches gcc m68k output)
 472               	|	S00F00005336384B5F3030322E746D7074
 473               	|	S2240800000007FFFC00080400000000000000000000000000000000000000000000000000C5
 474               	|	S503005BA1
 475               	|
 476               	| Also supports S1 records
 477               	|	S00F00005336384B5F3030332E746D7073
 478               	|	S123100013FC0000000F001A13FC00FC000F001E13FC0004000F001C13FC0004000F001EDE
 479               	|	S1231020203C000186A053806600FFFC13FC0004000F001C203C000186A053806600FFFC00
 480               	|	S10710406000FFD673
 481               	|	S5030003F9
 482               	|
 483               	
 484               	loadSRec:
 485 80784 41FA 04C3 	    lea     ldSRecMsg, %a0					| "Load S-Record"
 486 80788 6100 FE00 	    bsr.w   printString
 487               	loadSRecLoop:
 488 8078c 6100 0096 		bsr		setRecType
 489 80790 6100 00AC 		bsr		setBytCt
 490 80794 11FC 0000 		move.b 	#0, srecCSum
 490      0403 
 491 8079a 6100 00EC 		bsr		setAddr
 492               	|	lea		debug_Srec_LDData_Msg, %a0		| "Load Data Loop start"
 493               	|	bsr		printString
 494 8079e 0C38 0001 		cmp.b	#1, srecType			| 16-bit Address
 494      0400 
 495 807a4 6700 0010 		beq		loopSData
 496 807a8 0C38 0002 		cmp.b	#2, srecType			| 24-bit Address
 496      0400 
 497 807ae 6700 0006 		beq		loopSData
 498 807b2 6000 0014 		bra		sRecDataDone
 499               	loopSData:
 500 807b6 0C38 0000 		cmp.b 	#0, srecByCt
 500      0401 
 501 807bc 6700 000A 		beq		sRecDataDone
 502 807c0 6100 003E 		bsr		getSetLdData
 503 807c4 6000 FFF0 		bra		loopSData
 504               	sRecDataDone:
 505 807c8 6100 0050 		bsr		getChksum
 506 807cc 103C 002B 		move.b	#'+', %d0
 507 807d0 6100 FD90 		bsr		outChar
 508 807d4 0C38 0000 		cmp.b	#0, srecType
 508      0400 
 509 807da 6700 FFB0 		beq		loadSRecLoop
 510 807de 0C38 0001 		cmp.b	#1, srecType
 510      0400 
 511 807e4 6700 FFA6 		beq		loadSRecLoop
 512 807e8 0C38 0002 		cmp.b	#2, srecType
 512      0400 
68K GAS  S68K_002.s 			page 11


 513 807ee 6700 FF9C 		beq		loadSRecLoop
 514 807f2 0C38 0003 		cmp.b	#3, srecType
 514      0400 
 515 807f8 6700 FF92 		beq		loadSRecLoop
 516 807fc 6000 FEC0 		bra.w   .exit
 517               	
 518               	|||||||||||||||||||||||||||||
 519               	getSetLdData:
 520 80800 4EBA 004E 		jsr		getHexPair
 521 80804 41F8 0404 		lea 	srecAddr, %a0
 522 80808 2250      		move.l	(%a0), %a1
 523 8080a 12C0      		move.b	%d0, (%a1)+
 524 8080c 21C9 0404 		move.l	%a1, srecAddr
 525 80810 D138 0403 		add.b	%d0, srecCSum
 526 80814 5338 0401 		sub.b	#1, srecByCt
 527               	skipLdData:
 528 80818 4E75      		rts
 529               	
 530               	|||||||||||||||||||||||||||||
 531               	getChksum:
 532               	|	lea		debug_Srec_CSum_Msg, %a0	| "S Record Checksum="
 533               	|	bsr.w   printString
 534 8081a 4EBA 0034 		jsr		getHexPair
 535 8081e D138 0403 		add.b	%d0, srecCSum
 536               	|	move.b	srecCSum, %d0
 537               	|	jsr		printHexByte
 538               	|	lea		CRLF_MSG, %a0
 539               	|	bsr.w   printString
 540               	failCSUM:
 541 80822 4E75      		rts
 542               	
 543               	|||||||||||||||||||||||||||||
 544               	setRecType:
 545 80824 4EBA FD6E 		jsr		inChar
 546 80828 0C00 0053 		cmp.b	#'S', %d0
 547 8082c 6600 FFF6 		bne		setRecType					| Toss extra chars
 548 80830 4EBA FD62 		jsr		inChar
 549 80834 0200 000F 		andi.b	#0x0f, %d0
 550 80838 11C0 0400 		move.b	%d0, srecType
 551               	| Debug messages follow
 552               	|	lea		debug_Srec_Typ_Msg, %a0		| "S Record Type="
 553               	|	bsr.w   printString
 554               	|	move.b	srecType, %d0
 555               	|	add.b	#'0', %d0
 556               	|	jsr		outChar
 557               	|	lea		CRLF_MSG, %a0
 558               	|	bsr.w   printString
 559               	| Debug messages end
 560 8083c 4E75      		rts
 561               		
 562               	|||||||||||||||||||||||||||||
 563               	setBytCt:
 564 8083e 4EBA 0010 		jsr		getHexPair
 565 80842 11C0 0403 		move.b 	%d0, srecCSum				| Initialize checksum
 566 80846 11C0 0401 		move.b	%d0, srecByCt				| Byte count
 567               	| Debug messages follow
 568               	|	lea		debug_Srec_BytCt_Msg, %a0	| "S Record Byte Count=0x"
68K GAS  S68K_002.s 			page 12


 569               	|	bsr.w   printString
 570               	|	move.b	srecByCt, %d0
 571               	|	jsr		printHexByte
 572               	|	lea		CRLF_MSG, %a0
 573               	|	bsr		printString
 574               	| Debug messages end
 575 8084a 5338 0401 		sub.b	#1, srecByCt
 576 8084e 4E75      		rts
 577               	
 578               	|||||||||||||||||||||||||||||
 579               	getHexPair:
 580 80850 48E7 2000 		movem.l %d2, -(%SP)		| Save registers
 581 80854 4EBA FD3E 		jsr		inChar
 582 80858 4EBA 0016 		jsr		toNibble
 583 8085c E900      		asl.b	#4, %d0
 584 8085e 1400      		move.b	%d0, %d2
 585 80860 4EBA FD32 		jsr		inChar
 586 80864 4EBA 000A 		jsr		toNibble
 587 80868 8002      		or.b	%d2, %d0
 588 8086a 4CDF 0004 		movem.l (%SP)+, %d2		| Restore registers
 589 8086e 4E75      		rts
 590               	
 591               	|||||||||||||||||||||||||||||
 592               	toNibble:
 593 80870 0C00 0041 		cmp.b	#'A', %d0
 594 80874 6C00 0008 		bge		doHexLetter
 595 80878 0400 0030 		sub.b	#'0', %d0
 596 8087c 4E75      		rts
 597               	doHexLetter:
 598 8087e 0400 0041 		sub.b	#'A', %d0
 599 80882 0600 000A 		add.b	#10, %d0
 600 80886 4E75      		rts
 601               	
 602               	|||||||||||||||||||||||||||||
 603               	setAddr:
 604 80888 48E7 2000 		movem.l %d2, -(%SP)		| Save registers
 605 8088c 0C38 0002 		cmp.b	#2, srecType
 605      0400 
 606 80892 6600 0052 		bne		adrLen16
 607 80896 21FC 0000 		move.l	#0, srecAddr
 607      0000 0404 
 608               	|	lea		debug_S2rec_Addr_Msg, %a0
 609               	|	bsr		printString
 610 8089e 7400      		move.l	#0, %d2			| d2 stores address for accumulation of bytes
 611               		| Get the upper 8-bits of 24-bits
 612 808a0 4EBA FFAE 		jsr		getHexPair
 613 808a4 0280 0000 		and.l	#0xff, %d0
 613      00FF 
 614 808aa D138 0403 		add.b 	%d0, srecCSum
 615 808ae 8480      		or.l	%d0, %d2
 616 808b0 E182      		asl.l	#8, %d2
 617               	|	move.l	%d2, %d0
 618               	|	bsr		printHexLong
 619               	|	lea		CRLF_MSG, %a0
 620               	|   bsr.w   printString
 621               		| Get the middle 8-bits of 24-bits
 622 808b2 4EBA FF9C 		jsr		getHexPair
68K GAS  S68K_002.s 			page 13


 623 808b6 0280 0000 		and.l	#0xff, %d0
 623      00FF 
 624 808bc D138 0403 		add.b 	%d0, srecCSum
 625 808c0 8480      		or.l	%d0, %d2
 626 808c2 E182      		asl.l	#8, %d2
 627               	|	move.l	%d2, %d0
 628               	|	bsr		printHexLong
 629               	|	lea		CRLF_MSG, %a0
 630               	|   bsr.w   printString
 631               		| Get the lower 8-bits of 24-bits
 632 808c4 4EBA FF8A 		jsr		getHexPair
 633 808c8 0280 0000 		and.l	#0xff, %d0
 633      00FF 
 634 808ce D138 0403 		add.b 	%d0, srecCSum
 635 808d2 8480      		or.l	%d0, %d2
 636 808d4 0282 00FF 		andi.l	#0x00ffffff, %d2
 636      FFFF 
 637 808da 21C2 0404 		move.l	%d2, srecAddr		| Save the S record address
 638               	|	move.l	%d2, %d0
 639               	|	bsr		printHexLong
 640               	|	lea		CRLF_MSG, %a0
 641               	|	bsr.w   printString
 642 808de 5738 0401 		sub.b	#3, srecByCt
 643 808e2 6000 001A 		bra		past16
 644               	adrLen16:
 645               	|	lea		debug_SXrec_Addr_Msg, %a0	| "S (not 2) Record Address=0x"
 646               	|	bsr		printString
 647 808e6 7400      		move.l	#0, %d2
 648 808e8 4EBA FF66 		jsr		getHexPair
 649               	|	bsr		printHexLong
 650               	|	lea		CRLF_MSG, %a0
 651               	|   bsr.w   printString
 652 808ec 8480      		or.l	%d0, %d2
 653 808ee E182      		asl.l	#8, %d2
 654 808f0 4EBA FF5E 		jsr		getHexPair
 655               	|	bsr		printHexLong
 656               	|	lea		CRLF_MSG, %a0
 657               	|	bsr.w   printString
 658 808f4 8480      		or.l	%d0, %d2
 659 808f6 21C2 0404 		move.l	%d2, srecAddr
 660 808fa 5538 0401 		sub.b	#2, srecByCt
 661               	past16:
 662 808fe 4CDF 0004 		movem.l (%SP)+, %d2		| Restore registers
 663 80902 4E75      		rts
 664               			
 665               	|||||||||||||||||||||||||||||
 666               	| Find and parse a hex number
 667               	|  Starting address in A0
 668               	|  Number returned in D0
 669               	|  Status in D1   (0 success, 1 fail)
 670               	|  TODO: Try and merge first digit code with remaining digit code
 671               	parseNumber:
 672 80904 B180      	    eor.l   %d0, %d0		| Zero out d0
 673 80906 1018      	    move.b  (%a0)+, %d0
 674 80908 0C00 0020 	    cmp.b   #' ', %d0		|  Ignore all leading spaces
 675 8090c 67F6      	    beq.s   parseNumber
 676 8090e 0C00 0030 	    cmp.b   #'0', %d0       | Look for hex digits 0-9
68K GAS  S68K_002.s 			page 14


 677 80912 6D14      	    blt.s	PNinvalid
 678 80914 0C00 0039 	    cmp.b   #'9', %d0
 679 80918 6F18      	    ble.s   PNfirstdigit1
 680               	
 681 8091a 0C00 0041 	    cmp.b   #'A', %d0      	| Look for hex digits A-F
 682 8091e 6D00 FD96 	    blt   .invalid    
 683 80922 0C00 0046 	    cmp.b   #'F', %d0
 684 80926 6F04      	    ble.s   PNfirstdigit2
 685               	PNinvalid:
 686 80928 7201      	    move.l  #1, %d1			| Invalid character, mark failure and return
 687 8092a 4E75      	    rts
 688               	PNfirstdigit2:
 689 8092c 0400 0037 	    sub.b   #'7', %d0       | Turn 'A' to 10
 690 80930 6004      	    bra.s   PNloop
 691               	PNfirstdigit1:
 692 80932 0400 0030 	    sub.b   #'0', %d0       | Turn '0' to 0
 693               	 PNloop:
 694 80936 1218      	    move.b  (%a0)+, %d1      | Read in a digit
 695 80938 0C01 0030 	    cmp.b   #'0', %d1       | Look for hex digits 0-9
 696 8093c 6D12      	    blt.s   PNend         	| Any other characters mean we're done reading
 697 8093e 0C01 0039 	    cmp.b   #'9', %d1
 698 80942 6F18      	    ble.s   PNdigit1
 699 80944 0C01 0041 	    cmp.b   #'A', %d1      	| Look for hex digits A-F
 700 80948 6D06      	    blt.s   PNend
 701 8094a 0C01 0046 	    cmp.b   #'F', %d1
 702 8094e 6F06      	    ble.s   PNdigit2
 703               	
 704               	PNend:                       | We hit a non-hex digit character, we're done parsing
 705 80950 5388      	    subq.l  #1, %a0         | Move the pointer back before the end character we read
 706 80952 7200      	    move.l  #0, %d1
 707 80954 4E75      	    rts
 708               	PNdigit2:
 709 80956 0401 0037 	    sub.b   #'7', %d1		| Turn 'A' to 10
 710 8095a 6004      	    bra.s   PNdigit3
 711               	PNdigit1:
 712 8095c 0401 0030 	    sub.b   #'0', %d1       | Turn '0' to 0
 713               	PNdigit3:
 714 80960 E988      	    lsl.l   #4, %d0        	| Shift over to the next nybble
 715 80962 D001      	    add.b   %d1, %d0       	| Place in our current nybble (could be or.b instead)
 716 80964 60D0      	    bra.s   PNloop
 717               	    
 718               	
 719               	|||||||||||||||||||||||||||||
 720               	| Dumps a section of RAM to the screen
 721               	| Displays both hex values and ASCII characters
 722               	| d0 - Number of bytes to dump
 723               	| a0 - Start Address
 724               	dumpRAM:
 725 80966 48E7 3820 	    movem.l %d2-%d4/%a2, -(%SP) | Save registers
 726 8096a 2448      	    move.l  %a0, %a2           	| Save the start address
 727 8096c 2400      	    move.l  %d0, %d2           	| And the number of bytes
 728               	 .line:
 729 8096e 200A      	    move.l  %a2, %d0          
 730 80970 6100 010E 	    bsr.w   printHexAddr     	| Starting address of this line
 731 80974 41FA 0308 	    lea     msgColonSpace, %a0
 732 80978 6100 FC10 	    bsr.w   printString
 733 8097c 7610      	    move.l  #16, %d3         	| 16 Bytes can be printed on a line
68K GAS  S68K_002.s 			page 15


 734 8097e 2803      	    move.l  %d3, %d4       		| Save number of bytes on this line
 735               	 .hexbyte:
 736 80980 4A82      	    tst.l   %d2               	| Check if we're out of bytes
 737 80982 6718      	    beq.s   .endbytesShort
 738 80984 4A03      	    tst.b   %d3               	| Check if we're done this line
 739 80986 673A      	    beq.s   .endbytes    
 740 80988 101A      	    move.b  (%a2)+, %d0        	| Read a byte in from RAM
 741 8098a 6100 011C 	    bsr.w   printHexByte     	| Display it
 742 8098e 103C 0020 	    move.b  #' ', %d0
 743 80992 6100 FBCE 	    bsr.w   outChar          	| Space out bytes
 744 80996 5383      	    subq.l  #1, %d3    
 745 80998 5382      	    subq.l  #1, %d2        
 746 8099a 60E4      	    bra.s   .hexbyte
 747               	 .endbytesShort:
 748 8099c 9803      	    sub.b   %d3, %d4           	| Make d4 the actual number of bytes on this line
 749 8099e 103C 0020 	    move.b  #' ', %d0
 750               	 .endbytesShortLoop:
 751 809a2 4A03      	    tst.b   %d3               	| Check if we ended the line
 752 809a4 671C      	    beq.s   .endbytes
 753 809a6 103C 0020 	    move.b  #' ', %d0
 754 809aa 6100 FBB6 	    bsr.w   outChar          	| Three spaces to pad out
 755 809ae 103C 0020 	    move.b  #' ', %d0
 756 809b2 6100 FBAE 	    bsr.w   outChar
 757 809b6 103C 0020 	    move.b  #' ', %d0
 758 809ba 6100 FBA6 	    bsr.w   outChar
 759               	    
 760 809be 5303      	    subq.b  #1, %d3
 761 809c0 60E0      	    bra.s   .endbytesShortLoop
 762               	 .endbytes:
 763 809c2 95C4      	    suba.l  %d4, %a2        	| Return to the start address of this line
 764               	 .endbytesLoop:
 765 809c4 4A04      	    tst.b   %d4               	| Check if we are done printing ascii
 766 809c6 6700 0022 	    beq     .endline    
 767 809ca 5304      	    subq.b  #1, %d4
 768 809cc 101A      	    move.b  (%a2)+, %d0        	| Read the byte again
 769 809ce 0C00 0020 	    cmp.b   #' ', %d0         	| Lowest printable character
 770 809d2 6D0C      	    blt.s   .unprintable
 771 809d4 0C00 007E 	    cmp.b   #'~', %d0         	| Highest printable character
 772 809d8 6E06      	    bgt.s   .unprintable
 773 809da 6100 FB86 	    bsr.w   outChar
 774 809de 60E4      	    bra.s   .endbytesLoop
 775               	 .unprintable:
 776 809e0 103C 002E 	    move.b  #'.', %d0
 777 809e4 6100 FB7C 	    bsr.w   outChar
 778 809e8 60DA      	    bra.s   .endbytesLoop
 779               	 .endline:
 780 809ea 41FA 0295 	    lea     msgNewline, %a0
 781 809ee 6100 FB9A 	    bsr.w   printString
 782 809f2 4A82      	    tst.l   %d2
 783 809f4 6F04      	    ble.s   .end
 784 809f6 6000 FF76 	    bra.w   .line
 785               	 .end:
 786 809fa 4CDF 041C 	    movem.l (%SP)+, %d2-%d4/%a2		| Restore registers
 787 809fe 4E75      	    rts
 788               	
 789               	|||||||||||||||||||||||
 790               	| Deposit values into RAM
68K GAS  S68K_002.s 			page 16


 791               	| d ADDR VAL VAL            Deposit value(s) into RAM
 792               	| d ADDR VAL VAL;           Deposit values, continue with values on next line
 793               	|  VAL VAL VAL;              - Continuing with further continue
 794               	| d: VAL VAL                Continue depositing values after the last address written to
 795               	|||||||||||||||||||||||
 796               	.deposit:
 797 80a00 1010      	    move.b  (%a0), %d0
 798 80a02 0C00 003A 	    cmp.b   #':', %d0       	| Check if we want to continue from last
 799 80a06 6730      	    beq.s   DepCont
 800               	    
 801 80a08 6100 FEFA 	    bsr.w   parseNumber         | Otherwise read the address
 802 80a0c 4A01      	    tst.b   %d1
 803 80a0e 6600 FCC0 	    bne		.invalidAddr
 804 80a12 2640      	    move.l  %d0, %a3           	| Save the start address
 805               	 DepLoop:
 806 80a14 1010      	    move.b  (%a0), %d0            
 807 80a16 0C00 003B 	    cmp.b   #';', %d0          	| Check for continue
 808 80a1a 6726      	    beq.s   DepMLine
 809 80a1c 4A40      	    tst     %d0              	| Check for the end of line
 810 80a1e 6700 003A 	    beq     DepEnd
 811               	    
 812 80a22 6100 FEE0 	    bsr		parseNumber         | Otherwise read a value
 813 80a26 4A01      	    tst.b   %d1
 814 80a28 6600 FCB2 	    bne		.invalidVal
 815 80a2c 0C40 00FF 	    cmp.w   #255, %d0          	| Make sure it's a byte
 816 80a30 6E00 FCAA 	    bgt		.invalidVal
 817               	    
 818 80a34 16C0      	    move.b  %d0, (%a3)+        	| Store the value into memory
 819 80a36 60DC      	    bra.s   DepLoop
 820               	    
 821               	 DepCont:
 822 80a38 2679 0007 	    move.l  varCurAddr, %a3   	| Read in the last address 
 822      FBAA 
 823 80a3e 5288      	    addq.l  #1, %a0           	| Skip over the ':'
 824 80a40 60D2      	    bra.s   DepLoop
 825               	    
 826               	 DepMLine:
 827 80a42 41FA 0186 	    lea     msgDepositPrompt, %a0
 828 80a46 6100 FB42 	    bsr.w   printString
 829 80a4a 6100 FB70 	    bsr.w   readLine          	| Read in the next line to be parsed
 830 80a4e 6100 FBFE 	    bsr.w   lineToUpper         | Convert to uppercase
 831 80a52 41F9 0007 	    lea     varLineBuf, %a0    	| Reset our buffer pointer
 831      FBAE 
 832 80a58 60BA      	    bra.s   DepLoop            	| And jump back to decoding
 833               	 DepEnd:
 834 80a5a 23CB 0007 	    move.l  %a3, varCurAddr
 834      FBAA 
 835 80a60 6000 FC5C 	    bra.w   .exit
 836               	
 837               	|||||||||||||||||||||||
 838               	| run code
 839               	 .run:
 840 80a64 6100 FE9E 	    bsr.w   parseNumber        	| Otherwise read the address
 841 80a68 4A01      	    tst.b   %d1
 842 80a6a 6600 FC64 	    bne		.invalidAddr
 843 80a6e 2040      	    move.l  %d0, %a0
 844 80a70 4E90      	    jsr     (%a0)             	| Jump to the code! 
68K GAS  S68K_002.s 			page 17


 845               	                                | Go as subroutine to allow code to return to us
 846 80a72 4EBA FA5E 	    jsr     monitorStart        | Warm start after returning so everything is in
 847               	                                | a known state.
 848               	
 849               	
 850               	|||||||||||||||||||||||
 851               	|| KEEP All printHex functions together ||
 852               	|||||||||||||||||||||||
 853               	| Print a hex word
 854               	printHexWord:
 855 80a76 2F02      	    move.l  %d2, -(%SP)		| Save D2
 856 80a78 2400      	    move.l  %d0, %d2		| Save the address in d2
 857               	    
 858 80a7a E19A      	    rol.l   #0x8, %d2       | 4321 -> 3214
 859 80a7c E19A      	    rol.l   #0x8, %d2       | 3214 -> 2143 
 860 80a7e 6018      	    bra.s   printHex_wordentry  | Print out the last 16 bits
 861               	|||||||||||||||||||||||
 862               	| Print a hex 24-bit address
 863               	printHexAddr:
 864 80a80 2F02      	    move.l %d2, -(%SP)   	| Save D2
 865 80a82 2400      	    move.l %d0, %d2      	| Save the address in d2
 866               	    
 867 80a84 E19A      	    rol.l   #0x8, %d2     	| 4321 -> 3214
 868 80a86 600A      	    bra.s   printHex_addrentry  | Print out the last 24 bits
 869               	|||||||||||||||||||||||
 870               	* Print a hex long
 871               	printHexLong:
 872 80a88 2F02      	    move.l  %d2, -(%SP)     | Save D2
 873 80a8a 2400      	    move.l  %d0, %d2        | Save the address in d2
 874               	    
 875 80a8c E19A      	    rol.l   #0x8, %d2        | 4321 -> 3214 high byte in low
 876 80a8e 2002      	    move.l  %d2, %d0
 877 80a90 6116      	    bsr.s   printHexByte  	| Print the high byte (24-31)
 878               	printHex_addrentry:     
 879 80a92 E19A      	    rol.l   #0x8, %d2        	| 3214 -> 2143 middle-high byte in low
 880 80a94 2002      	    move.l  %d2, %d0              
 881 80a96 6110      	    bsr.s   printHexByte  	| Print the high-middle byte (16-23)
 882               	printHex_wordentry:    
 883 80a98 E19A      	    rol.l   #0x8, %d2        	| 2143 -> 1432 Middle byte in low
 884 80a9a 2002      	    move.l  %d2, %d0
 885 80a9c 610A      	    bsr.s   printHexByte  	| Print the middle byte (8-15)
 886 80a9e E19A      	    rol.l   #0x8, %d2
 887 80aa0 2002      	    move.l  %d2, %d0
 888 80aa2 6104      	    bsr.s   printHexByte  	| Print the low byte (0-7)
 889               	    
 890 80aa4 241F      	    move.l (%SP)+, %d2      | Restore D2
 891 80aa6 4E75      	    RTS
 892               	    
 893               	|||||||||||||||||||||||
 894               	| Print a hex byte
 895               	|  - Takes byte in D0
 896               	printHexByte:
 897 80aa8 2F02      	    move.l  %D2, -(%SP)
 898 80aaa 7400      		move.l	#0, %d2
 899 80aac 1400      	    move.b  %d0, %d2
 900 80aae E808      	    lsr.b   #0x4, %d0		| Shift down upper nibble
 901 80ab0 0200 000F 		andi.b	#0xf, %d0
68K GAS  S68K_002.s 			page 18


 902 80ab4 0600 0030 	    add.b   #'0', %d0
 903 80ab8 0C00 0039 	    cmp.b   #'9', %d0		| Check if the hex number was from 0-9
 904 80abc 6F02      	    ble.s   PHBsecond
 905 80abe 5E00      	    add.b   #0x7, %d0			| Shift 0xA-0xF from ':' to 'A'
 906               	PHBsecond:
 907 80ac0 6100 FAA0 	    bsr   outChar			| Print the digit
 908 80ac4 0202 000F 	    andi.b  #0x0F, %d2		| Now we want the lower digit Mask only the lower digit
 909 80ac8 0602 0030 	    add.b   #'0', %d2
 910 80acc 0C02 0039 	    cmp.b   #'9', %d2     	| Same as before    
 911 80ad0 6F02      	    ble.s   PHBend
 912 80ad2 5E02      	    add.b   #0x7, %D2
 913               	PHBend:
 914 80ad4 1002      	    move.b  %D2, %D0
 915 80ad6 6100 FA8A 	    bsr	   outChar      	| Print the lower digit
 916 80ada 241F      	    move.l  (%SP)+, %D2
 917 80adc 4E75      	    rts
 918               		
 919               	
 920               	|||||
 921               	| Initializes the 68681 DUART port A as 9600 8N1 
 922               	initDuart:
 923 80ade 13FC 0030 	    move.b  #0x30, CRA       | Reset Transmitter
 923      000F 0004 
 924 80ae6 13FC 0020 	    move.b  #0x20, CRA       | Reset Receiver
 924      000F 0004 
 925 80aee 13FC 0010 	    move.b  #0x10, CRA       | Reset Mode Register Pointer
 925      000F 0004 
 926               	    
 927 80af6 13FC 0000 	    move.b  #0x00, ACR       | Baud Rate Set #2
 927      000F 0008 
 928               	|    move.b  #0xBB, CSRA      | Set Tx and Rx rates to 9600
 929 80afe 13FC 00CC 	    move.b  #0xCC, CSRA      | Set Tx and Rx rates to 38400
 929      000F 0002 
 930 80b06 13FC 0093 	    move.b  #0x93, MRA       | 7-bit, No Parity (0x93 for 8-bit, 0x92 for 7-bit)
 930      000F 0000 
 931 80b0e 13FC 0007 	    move.b  #0x07, MRA       | Normal Mode, Not CTS/RTS, 1 stop bit
 931      000F 0000 
 932               	    
 933 80b16 13FC 0005 	    move.b  #0x05, CRA       | Enable Transmit/Recieve
 933      000F 0004 
 934               	
 935 80b1e 13FC 0030 	    move.b  #0x30, CRB       | Reset Transmitter
 935      000F 0014 
 936 80b26 13FC 0020 	    move.b  #0x20, CRB       | Reset Receiver
 936      000F 0014 
 937 80b2e 13FC 0010 	    move.b  #0x10, CRB       | Reset Mode Register Pointer
 937      000F 0014 
 938               	    
 939               	|    move.b  #0xBB, CSRB      | Set Tx and Rx rates to 9600
 940 80b36 13FC 00CC 	    move.b  #0xcc, CSRB      | Set Tx and Rx rates to 38400
 940      000F 0012 
 941 80b3e 13FC 0093 	    move.b  #0x93, MRB       | 7-bit, No Parity (0x93 for 8-bit, 0x92 for 7-bit)
 941      000F 0010 
 942 80b46 13FC 0007 	    move.b  #0x07, MRB       | Normal Mode, Not CTS/RTS, 1 stop bit
 942      000F 0010 
 943               	    
 944 80b4e 13FC 0005 	    move.b  #0x05, CRB       | Enable Transmit/Recieve
68K GAS  S68K_002.s 			page 19


 944      000F 0014 
 945               		
 946 80b56 13FC 0000 		move.b	#0x00, OPC		 | Output port configuration (all bit are outs)
 946      000F 001A 
 947 80b5e 13FC 00FC 		move.b	#0xFC, OPR		 | Clear all outputs
 947      000F 001E 
 948 80b66 4E75      	    rts    
 949               	
 950               	delay1Sec:
 951 80b68 203C 0003 		move.l	#200000, %d0	| rough count
 951      0D40 
 952               	delay1Loop:
 953 80b6e 5380      		sub.l	#1, %d0			
 954 80b70 6600 FFFC 		bne		delay1Loop
 955 80b74 4E75      		rts
 956               	
 957               	READINLINE:	  
 958 80b76 5265 6164 		.ascii  "Reading in line"
 958      696E 6720 
 958      696E 206C 
 958      696E 65
 959 80b85 0D0A 00   		dc.b CR,LF,EOT
 960               	L_TO_UPPER_MSG:  
 961 80b88 436F 6E76 		.ascii  "Convert line to upper case"
 961      6572 7420 
 961      6C69 6E65 
 961      2074 6F20 
 961      7570 7065 
 962 80ba2 0D0A 00   		dc.b CR,LF,EOT
 963               	WRITEOUTLINE:	  
 964 80ba5 5772 6974 		.ascii  "Writing out line"
 964      696E 6720 
 964      6F75 7420 
 964      6C69 6E65 
 965 80bb5 0D0A 00   		dc.b CR,LF,EOT
 966               	RAM_PASS_MSG:  
 967 80bb8 5241 4D20 		.ascii  "RAM Test Passed"
 967      5465 7374 
 967      2050 6173 
 967      7365 64
 968 80bc7 0D0A 00   		dc.b CR,LF,EOT
 969               	msgDepositPrompt:
 970 80bca 3A20      	    .ascii	": "
 971 80bcc 00        		dc.b 	EOT
 972               	BANNER_MSG:	
 973 80bcd 5349 4D50 		.ascii  "SIMPLE-68008 CPU V1.00"
 973      4C45 2D36 
 973      3830 3038 
 973      2043 5055 
 973      2056 312E 
 974 80be3 0D0A 00   		dc.b CR,LF,EOT
 975               	msgInvalidCommand:
 976 80be6 496E 7661 	    .ascii "Invalid Command"
 976      6C69 6420 
 976      436F 6D6D 
 976      616E 64
 977 80bf5 0D0A 00   		dc.b CR,LF,EOT
68K GAS  S68K_002.s 			page 20


 978               	CRLF_MSG:	
 979 80bf8 0D0A 00   		dc.b CR,LF,EOT
 980               	msgHelp:
 981 80bfb 4176 6169 	    .ascii	"Available Commands: "
 981      6C61 626C 
 981      6520 436F 
 981      6D6D 616E 
 981      6473 3A20 
 982 80c0f 0D0A      		dc.b	CR,LF
 983 80c11 2028 4529 	    .ascii	" (E)xamine  (D)eposit  (R)un  (L)oad  (B)ASIC  (H)elp"
 983      7861 6D69 
 983      6E65 2020 
 983      2844 2965 
 983      706F 7369 
 984 80c46 0D0A 00   		dc.b	CR,LF,EOT
 985               	ldSRecMsg:
 986 80c49 4C6F 6164 	    .ascii	"Load S-Record"
 986      2053 2D52 
 986      6563 6F72 
 986      64
 987 80c56 0D0A 00   		dc.b	CR,LF,EOT
 988               	msgInvalidAddress:
 989 80c59 496E 7661 	    .ascii	"Invalid Address"
 989      6C69 6420 
 989      4164 6472 
 989      6573 73
 990 80c68 0D0A 00   		dc.b 	CR,LF,EOT
 991               	msgInvalidValue:
 992 80c6b 496E 7661 	    .ascii	"Invalid Value"
 992      6C69 6420 
 992      5661 6C75 
 992      65
 993 80c78 0D0A 00   		dc.b	CR,LF,EOT
 994               	msgPrompt:
 995 80c7b 3E20      		.ascii "> "
 996 80c7d 00        	    dc.b EOT
 997               	msgColonSpace:
 998 80c7e 3A20      	    .ascii ": "
 999 80c80 00        	    dc.b EOT
 1000               	msgNewline:
 1001 80c81 0D0A 00   	    dc.b CR,LF,EOT
 1002               	debug_Srec_Typ_Msg:
 1003 80c84 5320 5265 		.ascii	"S Record Type="
 1003      636F 7264 
 1003      2054 7970 
 1003      653D 
 1004 80c92 00        	    dc.b EOT
 1005               	debug_Srec_BytCt_Msg:
 1006 80c93 5320 5265 		.ascii	"S Record Byte Count=0x"
 1006      636F 7264 
 1006      2042 7974 
 1006      6520 436F 
 1006      756E 743D 
 1007 80ca9 00        	    dc.b EOT
 1008               	debug_Srec_CSum_Msg:
 1009 80caa 5320 5265 		.ascii	"S Record Checksum="
 1009      636F 7264 
68K GAS  S68K_002.s 			page 21


 1009      2043 6865 
 1009      636B 7375 
 1009      6D3D 
 1010 80cbc 00        	    dc.b EOT
 1011               	debug_S2rec_Addr_Msg:
 1012 80cbd 5332 2052 		.ascii	"S2 Record Address=0x"
 1012      6563 6F72 
 1012      6420 4164 
 1012      6472 6573 
 1012      733D 3078 
 1013 80cd1 00        	    dc.b EOT
 1014               	debug_SXrec_Addr_Msg:
 1015 80cd2 5320 286E 		.ascii	"S (not 2) Record Address=0x"
 1015      6F74 2032 
 1015      2920 5265 
 1015      636F 7264 
 1015      2041 6464 
 1016 80ced 00        	    dc.b EOT
 1017               	debug_Srec_LDData_Msg:
 1018 80cee 4C6F 6164 	    .ascii	"Load Data Loop start"
 1018      2044 6174 
 1018      6120 4C6F 
 1018      6F70 2073 
 1018      7461 7274 
 1019 80d02 0D0A 00   		dc.b 	CR,LF,EOT
 1020               	
 1021               	
 1022               	MAX_LINE_LENGTH = 80
 1023               	varLineBuf = RAM_END+1-1024-MAX_LINE_LENGTH-2
 1024               	varCurAddr = varLineBuf-4
 1025               	
 1026 80d05 0000 0000 		.ORG	INTRTN
 1026      0000 0000 
 1026      0000 0000 
 1026      0000 0000 
 1026      0000 0000 
 1027               	IntLev2:
 1028 83f00 48E7 8080 	    movem.l %d0/%a0, -(%SP)     | Save changed registers
 1029 83f04 207C 000F 		movea.l	#DUART, %a0			| DUART base address
 1029      0000 
 1030 83f0a 1028 001C 		move.b	28(%a0), %d0		| Stop Counter with dummy read clears int
 1031 83f0e 1028 001E 		move.b	30(%a0), %d0		| Start Counter with dummy read enables int
 1032 83f12 06B8 0000 		addi.l	#1, BIG_CTR			| Increment the big counter
 1032      0001 0408 
 1033               	|	move.b	#0x08, 10(%a0)		| Interrupt Mask Register
 1034 83f1a 4CDF 0101 	    movem.l (%SP)+, %d0/%a0		| Restore registers
 1035 83f1e 4E73      		rte
68K GAS  S68K_002.s 			page 22


DEFINED SYMBOLS
          S68K_002.s:12     *ABS*:0000000000000000 RAM_START
          S68K_002.s:13     *ABS*:000000000007fffc STACK_END
          S68K_002.s:14     *ABS*:000000000007ffff RAM_END
          S68K_002.s:15     *ABS*:0000000000080000 ROM_START
          S68K_002.s:16     *ABS*:0000000000080400 ROM_CODE
          S68K_002.s:18     *ABS*:000000000008ffff ROM_END
          S68K_002.s:20     *ABS*:0000000000000100 DUART_Vect
          S68K_002.s:21     *ABS*:0000000000000040 DUART_VR
          S68K_002.s:22     *ABS*:0000000000000408 BIG_CTR
          S68K_002.s:23     *ABS*:0000000000083f00 INTRTN
          S68K_002.s:24     *ABS*:0000000000000007 UP60HZ
          S68K_002.s:25     *ABS*:0000000000000080 LO60HZ
          S68K_002.s:30     *ABS*:00000000000f0000 DUART
          S68K_002.s:31     *ABS*:00000000000f0000 MRA
          S68K_002.s:32     *ABS*:00000000000f0002 SRA
          S68K_002.s:33     *ABS*:00000000000f0002 CSRA
          S68K_002.s:34     *ABS*:00000000000f0004 CRA
          S68K_002.s:35     *ABS*:00000000000f0006 RBA
          S68K_002.s:36     *ABS*:00000000000f0006 TBA
          S68K_002.s:37     *ABS*:00000000000f0008 ACR
          S68K_002.s:38     *ABS*:00000000000f000a ISR
          S68K_002.s:39     *ABS*:00000000000f000a IMR
          S68K_002.s:40     *ABS*:00000000000f0010 MRB
          S68K_002.s:41     *ABS*:00000000000f0012 SRB
          S68K_002.s:42     *ABS*:00000000000f0012 CSRB
          S68K_002.s:43     *ABS*:00000000000f0014 CRB
          S68K_002.s:44     *ABS*:00000000000f0016 RBB
          S68K_002.s:45     *ABS*:00000000000f0016 TBB
          S68K_002.s:46     *ABS*:00000000000f0018 IVR
          S68K_002.s:47     *ABS*:00000000000f001a OPC
          S68K_002.s:48     *ABS*:00000000000f001a INU
          S68K_002.s:49     *ABS*:00000000000f001c OPS
          S68K_002.s:50     *ABS*:00000000000f001e OPR
          S68K_002.s:55     *ABS*:0000000000000007 BEL
          S68K_002.s:56     *ABS*:0000000000000008 BKSP
          S68K_002.s:57     *ABS*:0000000000000009 TAB
          S68K_002.s:58     *ABS*:000000000000000a LF
          S68K_002.s:59     *ABS*:000000000000000d CR
          S68K_002.s:60     *ABS*:000000000000001b ESC
          S68K_002.s:61     *ABS*:0000000000000000 EOT
          S68K_002.s:63     *ABS*:0000000000000003 CTRLC
          S68K_002.s:64     *ABS*:0000000000000018 CTRLX
          S68K_002.s:67     .text:0000000000000400 _srecType
          S68K_002.s:68     .text:0000000000000401 _srecByCt
          S68K_002.s:69     .text:0000000000000402 _srecData
          S68K_002.s:70     .text:0000000000000403 _srecCSum
          S68K_002.s:71     .text:0000000000000404 _srecAddr
          S68K_002.s:72     .text:0000000000000408 _timerCt
          S68K_002.s:74     *ABS*:0000000000000400 srecType
          S68K_002.s:75     *ABS*:0000000000000401 srecByCt
          S68K_002.s:76     *ABS*:0000000000000402 srecData
          S68K_002.s:77     *ABS*:0000000000000403 srecCSum
          S68K_002.s:78     *ABS*:0000000000000404 srecAddr
          S68K_002.s:217    .text:000000000008055c FERVR2
          S68K_002.s:116    .text:0000000000080462 loop1stLoc
          S68K_002.s:215    .text:000000000008055c failBitTest
68K GAS  S68K_002.s 			page 23


          S68K_002.s:131    .text:0000000000080482 loopAdrFill
          S68K_002.s:143    .text:00000000000804a0 loopAdrCk
          S68K_002.s:216    .text:000000000008055c failAdrTest
          S68K_002.s:158    .text:00000000000804ba fillSRAM
          S68K_002.s:162    .text:00000000000804c6 fillSRAMLoop
          S68K_002.s:922    .text:0000000000080ade initDuart
          S68K_002.s:171    .text:00000000000804d2 monitorStart
          S68K_002.s:972    .text:0000000000080bcd BANNER_MSG
          S68K_002.s:242    .text:000000000008058a printString1
          S68K_002.s:966    .text:0000000000080bb8 RAM_PASS_MSG
          S68K_002.s:205    .text:0000000000080536 interpLoop
          S68K_002.s:994    .text:0000000000080c7b msgPrompt
          S68K_002.s:243    .text:000000000008058a printString
          S68K_002.s:272    .text:00000000000805bc readLine
          S68K_002.s:329    .text:000000000008064e lineToUpper
          S68K_002.s:346    .text:000000000008066c parseLine
          S68K_002.s:224    .text:0000000000080562 outChar1
          S68K_002.s:225    .text:0000000000080562 outChar
          S68K_002.s:233    .text:0000000000080576 outChar2
          S68K_002.s:244    .text:000000000008058a PSloop
          S68K_002.s:250    .text:0000000000080592 PSend
          S68K_002.s:258    .text:0000000000080594 inChar1
          S68K_002.s:259    .text:0000000000080594 inChar
          S68K_002.s:265    .text:00000000000805a8 inChar2
                            *ABS*:000000000007fbae varLineBuf
          S68K_002.s:276    .text:00000000000805c8 RLloop
          S68K_002.s:293    .text:00000000000805f4 RLBS
          S68K_002.s:304    .text:0000000000080612 RLlineClr
          S68K_002.s:318    .text:0000000000080636 RLEndLn
          S68K_002.s:286    .text:00000000000805e4 .char
                            *ABS*:0000000000000050 MAX_LINE_LENGTH
          S68K_002.s:308    .text:0000000000080618 RLlineClrloop
          S68K_002.s:331    .text:0000000000080654 LUloop
          S68K_002.s:338    .text:0000000000080666 LUnext
          S68K_002.s:349    .text:0000000000080676 PLfindCommand
          S68K_002.s:398    .text:00000000000806e8 .examine
          S68K_002.s:796    .text:0000000000080a00 .deposit
          S68K_002.s:839    .text:0000000000080a64 .run
          S68K_002.s:377    .text:00000000000806c4 .help
          S68K_002.s:484    .text:0000000000080784 loadSRec
          S68K_002.s:454    .text:0000000000080772 .runBASIC
          S68K_002.s:370    .text:00000000000806be .exit
          S68K_002.s:367    .text:00000000000806b6 .invalid
          S68K_002.s:975    .text:0000000000080be6 msgInvalidCommand
          S68K_002.s:980    .text:0000000000080bfb msgHelp
          S68K_002.s:381    .text:00000000000806d0 .invalidAddr
          S68K_002.s:988    .text:0000000000080c59 msgInvalidAddress
          S68K_002.s:385    .text:00000000000806dc .invalidVal
          S68K_002.s:991    .text:0000000000080c6b msgInvalidValue
          S68K_002.s:671    .text:0000000000080904 parseNumber
          S68K_002.s:403    .text:00000000000806f4 .exloop
          S68K_002.s:417    .text:0000000000080718 .exrange
          S68K_002.s:426    .text:000000000008072a .exlength
          S68K_002.s:434    .text:000000000008073c .exinter
          S68K_002.s:423    .text:0000000000080726 .exquick
          S68K_002.s:430    .text:0000000000080734 .exend
          S68K_002.s:724    .text:0000000000080966 dumpRAM
68K GAS  S68K_002.s 			page 24


          S68K_002.s:439    .text:000000000008074a .exinterend
          S68K_002.s:446    .text:000000000008075e .exinterpage
          S68K_002.s:453    *ABS*:0000000000084800 BasicStart
          S68K_002.s:460    .text:0000000000080782 skipBasic
          S68K_002.s:985    .text:0000000000080c49 ldSRecMsg
          S68K_002.s:487    .text:000000000008078c loadSRecLoop
          S68K_002.s:544    .text:0000000000080824 setRecType
          S68K_002.s:563    .text:000000000008083e setBytCt
          S68K_002.s:603    .text:0000000000080888 setAddr
          S68K_002.s:499    .text:00000000000807b6 loopSData
          S68K_002.s:504    .text:00000000000807c8 sRecDataDone
          S68K_002.s:519    .text:0000000000080800 getSetLdData
          S68K_002.s:531    .text:000000000008081a getChksum
          S68K_002.s:579    .text:0000000000080850 getHexPair
          S68K_002.s:527    .text:0000000000080818 skipLdData
          S68K_002.s:540    .text:0000000000080822 failCSUM
          S68K_002.s:592    .text:0000000000080870 toNibble
          S68K_002.s:597    .text:000000000008087e doHexLetter
          S68K_002.s:644    .text:00000000000808e6 adrLen16
          S68K_002.s:661    .text:00000000000808fe past16
          S68K_002.s:685    .text:0000000000080928 PNinvalid
          S68K_002.s:691    .text:0000000000080932 PNfirstdigit1
          S68K_002.s:688    .text:000000000008092c PNfirstdigit2
          S68K_002.s:693    .text:0000000000080936 PNloop
          S68K_002.s:704    .text:0000000000080950 PNend
          S68K_002.s:711    .text:000000000008095c PNdigit1
          S68K_002.s:708    .text:0000000000080956 PNdigit2
          S68K_002.s:713    .text:0000000000080960 PNdigit3
          S68K_002.s:728    .text:000000000008096e .line
          S68K_002.s:863    .text:0000000000080a80 printHexAddr
          S68K_002.s:997    .text:0000000000080c7e msgColonSpace
          S68K_002.s:735    .text:0000000000080980 .hexbyte
          S68K_002.s:747    .text:000000000008099c .endbytesShort
          S68K_002.s:762    .text:00000000000809c2 .endbytes
          S68K_002.s:896    .text:0000000000080aa8 printHexByte
          S68K_002.s:750    .text:00000000000809a2 .endbytesShortLoop
          S68K_002.s:764    .text:00000000000809c4 .endbytesLoop
          S68K_002.s:779    .text:00000000000809ea .endline
          S68K_002.s:775    .text:00000000000809e0 .unprintable
          S68K_002.s:1000   .text:0000000000080c81 msgNewline
          S68K_002.s:785    .text:00000000000809fa .end
          S68K_002.s:821    .text:0000000000080a38 DepCont
          S68K_002.s:805    .text:0000000000080a14 DepLoop
          S68K_002.s:826    .text:0000000000080a42 DepMLine
          S68K_002.s:833    .text:0000000000080a5a DepEnd
                            *ABS*:000000000007fbaa varCurAddr
          S68K_002.s:969    .text:0000000000080bca msgDepositPrompt
          S68K_002.s:854    .text:0000000000080a76 printHexWord
          S68K_002.s:882    .text:0000000000080a98 printHex_wordentry
          S68K_002.s:878    .text:0000000000080a92 printHex_addrentry
          S68K_002.s:871    .text:0000000000080a88 printHexLong
          S68K_002.s:906    .text:0000000000080ac0 PHBsecond
          S68K_002.s:913    .text:0000000000080ad4 PHBend
          S68K_002.s:950    .text:0000000000080b68 delay1Sec
          S68K_002.s:952    .text:0000000000080b6e delay1Loop
          S68K_002.s:957    .text:0000000000080b76 READINLINE
          S68K_002.s:960    .text:0000000000080b88 L_TO_UPPER_MSG
68K GAS  S68K_002.s 			page 25


          S68K_002.s:963    .text:0000000000080ba5 WRITEOUTLINE
          S68K_002.s:978    .text:0000000000080bf8 CRLF_MSG
          S68K_002.s:1002   .text:0000000000080c84 debug_Srec_Typ_Msg
          S68K_002.s:1005   .text:0000000000080c93 debug_Srec_BytCt_Msg
          S68K_002.s:1008   .text:0000000000080caa debug_Srec_CSum_Msg
          S68K_002.s:1011   .text:0000000000080cbd debug_S2rec_Addr_Msg
          S68K_002.s:1014   .text:0000000000080cd2 debug_SXrec_Addr_Msg
          S68K_002.s:1017   .text:0000000000080cee debug_Srec_LDData_Msg
          S68K_002.s:1027   .text:0000000000083f00 IntLev2

NO UNDEFINED SYMBOLS
